<?xml version="1.0" encoding="UTF-8"?>
<coverage generated="1612494062872" clover="3.2.0">
  <project timestamp="1612494062872" name="All files">
    <metrics statements="235" coveredstatements="213" conditionals="97" coveredconditionals="67" methods="34" coveredmethods="34" elements="366" coveredelements="314" complexity="0" loc="235" ncloc="235" packages="3" files="5" classes="5"/>
    <package name="codeforms">
      <metrics statements="3" coveredstatements="3" conditionals="2" coveredconditionals="1" methods="1" coveredmethods="1"/>
      <file name="App.js" path="/home/bernardo/Projects/Tests/codeforms/App.js">
        <metrics statements="3" coveredstatements="3" conditionals="2" coveredconditionals="1" methods="1" coveredmethods="1"/>
        <line num="27" count="1" type="stmt"/>
        <line num="28" count="1" type="stmt"/>
        <line num="72" count="1" type="stmt"/>
      </file>
    </package>
    <package name="codeforms.src.controller">
      <metrics statements="37" coveredstatements="36" conditionals="26" coveredconditionals="25" methods="1" coveredmethods="1"/>
      <file name="ValidationObjectBuilder.js" path="/home/bernardo/Projects/Tests/codeforms/src/controller/ValidationObjectBuilder.js">
        <metrics statements="37" coveredstatements="36" conditionals="26" coveredconditionals="25" methods="1" coveredmethods="1"/>
        <line num="19" count="54" type="cond" truecount="2" falsecount="0"/>
        <line num="24" count="40" type="cond" truecount="8" falsecount="1"/>
        <line num="26" count="10" type="stmt"/>
        <line num="32" count="10" type="stmt"/>
        <line num="35" count="10" type="stmt"/>
        <line num="41" count="10" type="stmt"/>
        <line num="44" count="8" type="stmt"/>
        <line num="50" count="8" type="stmt"/>
        <line num="53" count="2" type="stmt"/>
        <line num="59" count="2" type="stmt"/>
        <line num="62" count="4" type="stmt"/>
        <line num="68" count="4" type="stmt"/>
        <line num="71" count="2" type="stmt"/>
        <line num="76" count="2" type="stmt"/>
        <line num="79" count="2" type="stmt"/>
        <line num="84" count="2" type="stmt"/>
        <line num="87" count="2" type="stmt"/>
        <line num="93" count="2" type="stmt"/>
        <line num="96" count="0" type="stmt"/>
        <line num="99" count="54" type="cond" truecount="4" falsecount="0"/>
        <line num="100" count="18" type="cond" truecount="8" falsecount="0"/>
        <line num="102" count="2" type="stmt"/>
        <line num="107" count="2" type="stmt"/>
        <line num="110" count="2" type="stmt"/>
        <line num="115" count="2" type="stmt"/>
        <line num="118" count="2" type="stmt"/>
        <line num="123" count="2" type="stmt"/>
        <line num="126" count="2" type="stmt"/>
        <line num="131" count="2" type="stmt"/>
        <line num="134" count="2" type="stmt"/>
        <line num="139" count="2" type="stmt"/>
        <line num="142" count="2" type="stmt"/>
        <line num="147" count="2" type="stmt"/>
        <line num="150" count="2" type="stmt"/>
        <line num="155" count="2" type="stmt"/>
        <line num="158" count="4" type="stmt"/>
        <line num="161" count="54" type="stmt"/>
      </file>
    </package>
    <package name="codeforms.src.utils">
      <metrics statements="195" coveredstatements="174" conditionals="69" coveredconditionals="41" methods="32" coveredmethods="32"/>
      <file name="ValidationsObjects.js" path="/home/bernardo/Projects/Tests/codeforms/src/utils/ValidationsObjects.js">
        <metrics statements="177" coveredstatements="158" conditionals="64" coveredconditionals="39" methods="28" coveredmethods="28"/>
        <line num="4" count="9" type="stmt"/>
        <line num="5" count="20" type="stmt"/>
        <line num="7" count="20" type="cond" truecount="5" falsecount="1"/>
        <line num="9" count="4" type="stmt"/>
        <line num="17" count="4" type="stmt"/>
        <line num="20" count="4" type="stmt"/>
        <line num="28" count="4" type="stmt"/>
        <line num="30" count="4" type="stmt"/>
        <line num="38" count="4" type="stmt"/>
        <line num="40" count="4" type="stmt"/>
        <line num="48" count="4" type="stmt"/>
        <line num="50" count="4" type="stmt"/>
        <line num="58" count="4" type="stmt"/>
        <line num="61" count="0" type="stmt"/>
        <line num="64" count="20" type="cond" truecount="1" falsecount="1"/>
        <line num="65" count="20" type="stmt"/>
        <line num="69" count="20" type="stmt"/>
        <line num="70" count="20" type="stmt"/>
        <line num="73" count="20" type="stmt"/>
        <line num="79" count="20" type="cond" truecount="1" falsecount="1"/>
        <line num="80" count="0" type="stmt"/>
        <line num="84" count="0" type="stmt"/>
        <line num="87" count="20" type="stmt"/>
        <line num="91" count="9" type="stmt"/>
        <line num="92" count="8" type="cond" truecount="2" falsecount="0"/>
        <line num="93" count="6" type="stmt"/>
        <line num="95" count="6" type="cond" truecount="3" falsecount="0"/>
        <line num="97" count="2" type="stmt"/>
        <line num="105" count="2" type="stmt"/>
        <line num="108" count="2" type="stmt"/>
        <line num="116" count="2" type="stmt"/>
        <line num="119" count="2" type="stmt"/>
        <line num="122" count="6" type="cond" truecount="2" falsecount="0"/>
        <line num="123" count="4" type="stmt"/>
        <line num="127" count="6" type="stmt"/>
        <line num="128" count="6" type="stmt"/>
        <line num="131" count="6" type="stmt"/>
        <line num="134" count="6" type="stmt"/>
        <line num="137" count="6" type="cond" truecount="1" falsecount="1"/>
        <line num="138" count="0" type="stmt"/>
        <line num="142" count="0" type="stmt"/>
        <line num="144" count="6" type="cond" truecount="2" falsecount="0"/>
        <line num="145" count="2" type="stmt"/>
        <line num="149" count="2" type="stmt"/>
        <line num="152" count="6" type="stmt"/>
        <line num="154" count="2" type="cond" truecount="1" falsecount="1"/>
        <line num="155" count="2" type="stmt"/>
        <line num="157" count="2" type="cond" truecount="1" falsecount="1"/>
        <line num="159" count="2" type="stmt"/>
        <line num="167" count="2" type="stmt"/>
        <line num="170" count="0" type="stmt"/>
        <line num="173" count="2" type="cond" truecount="1" falsecount="1"/>
        <line num="174" count="2" type="stmt"/>
        <line num="178" count="2" type="stmt"/>
        <line num="179" count="2" type="stmt"/>
        <line num="182" count="2" type="stmt"/>
        <line num="185" count="2" type="stmt"/>
        <line num="188" count="2" type="cond" truecount="1" falsecount="1"/>
        <line num="189" count="0" type="stmt"/>
        <line num="193" count="0" type="stmt"/>
        <line num="196" count="2" type="stmt"/>
        <line num="201" count="9" type="stmt"/>
        <line num="202" count="2" type="stmt"/>
        <line num="204" count="2" type="cond" truecount="1" falsecount="1"/>
        <line num="206" count="2" type="stmt"/>
        <line num="216" count="2" type="stmt"/>
        <line num="219" count="0" type="stmt"/>
        <line num="222" count="2" type="cond" truecount="1" falsecount="1"/>
        <line num="223" count="2" type="stmt"/>
        <line num="227" count="2" type="stmt"/>
        <line num="228" count="2" type="stmt"/>
        <line num="231" count="2" type="stmt"/>
        <line num="237" count="2" type="cond" truecount="1" falsecount="1"/>
        <line num="238" count="0" type="stmt"/>
        <line num="242" count="0" type="stmt"/>
        <line num="245" count="2" type="stmt"/>
        <line num="249" count="9" type="stmt"/>
        <line num="250" count="4" type="stmt"/>
        <line num="252" count="4" type="cond" truecount="2" falsecount="1"/>
        <line num="254" count="2" type="stmt"/>
        <line num="262" count="2" type="stmt"/>
        <line num="265" count="2" type="stmt"/>
        <line num="273" count="2" type="stmt"/>
        <line num="276" count="0" type="stmt"/>
        <line num="279" count="4" type="cond" truecount="1" falsecount="1"/>
        <line num="280" count="4" type="stmt"/>
        <line num="284" count="4" type="stmt"/>
        <line num="285" count="4" type="stmt"/>
        <line num="288" count="4" type="stmt"/>
        <line num="294" count="4" type="cond" truecount="1" falsecount="1"/>
        <line num="295" count="0" type="stmt"/>
        <line num="299" count="0" type="stmt"/>
        <line num="303" count="0" type="stmt"/>
        <line num="304" count="0" type="stmt"/>
        <line num="307" count="4" type="stmt"/>
        <line num="311" count="9" type="stmt"/>
        <line num="312" count="2" type="stmt"/>
        <line num="314" count="2" type="stmt"/>
        <line num="320" count="2" type="cond" truecount="1" falsecount="1"/>
        <line num="321" count="2" type="stmt"/>
        <line num="325" count="2" type="stmt"/>
        <line num="329" count="2" type="stmt"/>
        <line num="330" count="2" type="stmt"/>
        <line num="333" count="2" type="stmt"/>
        <line num="337" count="9" type="stmt"/>
        <line num="338" count="2" type="stmt"/>
        <line num="340" count="2" type="stmt"/>
        <line num="346" count="2" type="cond" truecount="1" falsecount="1"/>
        <line num="347" count="2" type="stmt"/>
        <line num="351" count="2" type="stmt"/>
        <line num="355" count="2" type="stmt"/>
        <line num="356" count="2" type="stmt"/>
        <line num="359" count="2" type="stmt"/>
        <line num="363" count="9" type="stmt"/>
        <line num="364" count="2" type="stmt"/>
        <line num="366" count="2" type="cond" truecount="1" falsecount="1"/>
        <line num="368" count="2" type="stmt"/>
        <line num="376" count="2" type="stmt"/>
        <line num="379" count="0" type="stmt"/>
        <line num="382" count="2" type="cond" truecount="1" falsecount="1"/>
        <line num="383" count="2" type="stmt"/>
        <line num="387" count="2" type="stmt"/>
        <line num="388" count="2" type="stmt"/>
        <line num="391" count="2" type="stmt"/>
        <line num="394" count="2" type="stmt"/>
        <line num="397" count="2" type="cond" truecount="1" falsecount="1"/>
        <line num="398" count="0" type="stmt"/>
        <line num="402" count="0" type="stmt"/>
        <line num="405" count="2" type="stmt"/>
        <line num="409" count="9" type="stmt"/>
        <line num="410" count="2" type="stmt"/>
        <line num="416" count="2" type="cond" truecount="1" falsecount="1"/>
        <line num="417" count="2" type="stmt"/>
        <line num="421" count="2" type="stmt"/>
        <line num="425" count="2" type="stmt"/>
        <line num="426" count="2" type="stmt"/>
        <line num="429" count="2" type="stmt"/>
        <line num="432" count="9" type="stmt"/>
        <line num="433" count="4" type="stmt"/>
        <line num="439" count="4" type="cond" truecount="1" falsecount="1"/>
        <line num="440" count="4" type="stmt"/>
        <line num="444" count="4" type="stmt"/>
        <line num="448" count="4" type="stmt"/>
        <line num="449" count="4" type="stmt"/>
        <line num="452" count="4" type="stmt"/>
        <line num="455" count="9" type="stmt"/>
        <line num="456" count="2" type="stmt"/>
        <line num="462" count="2" type="cond" truecount="1" falsecount="1"/>
        <line num="463" count="2" type="stmt"/>
        <line num="467" count="2" type="stmt"/>
        <line num="471" count="2" type="stmt"/>
        <line num="472" count="2" type="stmt"/>
        <line num="475" count="2" type="stmt"/>
        <line num="478" count="9" type="stmt"/>
        <line num="479" count="2" type="stmt"/>
        <line num="485" count="2" type="cond" truecount="1" falsecount="1"/>
        <line num="486" count="2" type="stmt"/>
        <line num="490" count="2" type="stmt"/>
        <line num="494" count="2" type="stmt"/>
        <line num="495" count="2" type="stmt"/>
        <line num="498" count="2" type="stmt"/>
        <line num="501" count="9" type="stmt"/>
        <line num="502" count="2" type="stmt"/>
        <line num="508" count="2" type="cond" truecount="1" falsecount="1"/>
        <line num="509" count="2" type="stmt"/>
        <line num="513" count="2" type="stmt"/>
        <line num="517" count="2" type="stmt"/>
        <line num="518" count="2" type="stmt"/>
        <line num="521" count="2" type="stmt"/>
        <line num="523" count="9" type="stmt"/>
        <line num="524" count="2" type="stmt"/>
        <line num="530" count="2" type="cond" truecount="1" falsecount="1"/>
        <line num="531" count="2" type="stmt"/>
        <line num="535" count="2" type="stmt"/>
        <line num="539" count="2" type="stmt"/>
        <line num="540" count="2" type="stmt"/>
        <line num="543" count="2" type="stmt"/>
      </file>
      <file name="formatDateFunctions.js" path="/home/bernardo/Projects/Tests/codeforms/src/utils/formatDateFunctions.js">
        <metrics statements="6" coveredstatements="6" conditionals="0" coveredconditionals="0" methods="2" coveredmethods="2"/>
        <line num="1" count="9" type="stmt"/>
        <line num="2" count="4" type="stmt"/>
        <line num="3" count="4" type="stmt"/>
        <line num="5" count="9" type="stmt"/>
        <line num="6" count="4" type="stmt"/>
        <line num="7" count="4" type="stmt"/>
      </file>
      <file name="yupSchemaCreator.js" path="/home/bernardo/Projects/Tests/codeforms/src/utils/yupSchemaCreator.js">
        <metrics statements="12" coveredstatements="10" conditionals="5" coveredconditionals="2" methods="2" coveredmethods="2"/>
        <line num="4" count="54" type="cond" truecount="0" falsecount="1"/>
        <line num="5" count="54" type="cond" truecount="1" falsecount="1"/>
        <line num="6" count="0" type="stmt"/>
        <line num="8" count="54" type="stmt"/>
        <line num="9" count="54" type="stmt"/>
        <line num="10" count="72" type="stmt"/>
        <line num="11" count="72" type="cond" truecount="1" falsecount="1"/>
        <line num="12" count="0" type="stmt"/>
        <line num="14" count="72" type="stmt"/>
        <line num="15" count="72" type="stmt"/>
        <line num="17" count="54" type="stmt"/>
        <line num="18" count="54" type="stmt"/>
      </file>
    </package>
  </project>
</coverage>
