{"/home/bernardo/Projects/Tests/codeforms/App.js": {"path":"/home/bernardo/Projects/Tests/codeforms/App.js","statementMap":{"0":{"start":{"line":27,"column":30},"end":{"line":70,"column":1}},"1":{"start":{"line":28,"column":2},"end":{"line":69,"column":5}},"2":{"start":{"line":72,"column":15},"end":{"line":109,"column":2}}},"fnMap":{"0":{"name":"(anonymous_0)","decl":{"start":{"line":27,"column":30},"end":{"line":27,"column":31}},"loc":{"start":{"line":28,"column":2},"end":{"line":69,"column":5}},"line":28}},"branchMap":{"0":{"loc":{"start":{"line":35,"column":9},"end":{"line":39,"column":9}},"type":"cond-expr","locations":[{"start":{"line":35,"column":41},"end":{"line":35,"column":45}},{"start":{"line":36,"column":10},"end":{"line":38,"column":17}}],"line":35}},"s":{"0":1,"1":1,"2":1},"f":{"0":1},"b":{"0":[1,0]},"_coverageSchema":"1a1c01bbd47fc00a2c39e90264f33305004495a9","hash":"ddb04f44f033de186caa1b3e8730740348453198"}
,"/home/bernardo/Projects/Tests/codeforms/src/components/InputEmail/index.js": {"path":"/home/bernardo/Projects/Tests/codeforms/src/components/InputEmail/index.js","statementMap":{"0":{"start":{"line":10,"column":19},"end":{"line":10,"column":31}},"1":{"start":{"line":12,"column":60},"end":{"line":12,"column":74}},"2":{"start":{"line":14,"column":2},"end":{"line":16,"column":21}},"3":{"start":{"line":15,"column":4},"end":{"line":15,"column":42}},"4":{"start":{"line":18,"column":2},"end":{"line":35,"column":33}},"5":{"start":{"line":19,"column":4},"end":{"line":34,"column":7}},"6":{"start":{"line":24,"column":8},"end":{"line":24,"column":23}},"7":{"start":{"line":25,"column":8},"end":{"line":25,"column":20}},"8":{"start":{"line":28,"column":8},"end":{"line":28,"column":44}},"9":{"start":{"line":29,"column":8},"end":{"line":29,"column":39}},"10":{"start":{"line":32,"column":8},"end":{"line":32,"column":25}},"11":{"start":{"line":37,"column":2},"end":{"line":69,"column":4}},"12":{"start":{"line":62,"column":10},"end":{"line":64,"column":11}},"13":{"start":{"line":63,"column":12},"end":{"line":63,"column":43}}},"fnMap":{"0":{"name":"InputEmail","decl":{"start":{"line":9,"column":9},"end":{"line":9,"column":19}},"loc":{"start":{"line":9,"column":54},"end":{"line":70,"column":1}},"line":9},"1":{"name":"(anonymous_1)","decl":{"start":{"line":14,"column":12},"end":{"line":14,"column":13}},"loc":{"start":{"line":14,"column":18},"end":{"line":16,"column":3}},"line":14},"2":{"name":"(anonymous_2)","decl":{"start":{"line":18,"column":12},"end":{"line":18,"column":13}},"loc":{"start":{"line":18,"column":18},"end":{"line":35,"column":3}},"line":18},"3":{"name":"(anonymous_3)","decl":{"start":{"line":23,"column":6},"end":{"line":23,"column":7}},"loc":{"start":{"line":23,"column":22},"end":{"line":26,"column":7}},"line":23},"4":{"name":"(anonymous_4)","decl":{"start":{"line":27,"column":6},"end":{"line":27,"column":7}},"loc":{"start":{"line":27,"column":27},"end":{"line":30,"column":7}},"line":27},"5":{"name":"(anonymous_5)","decl":{"start":{"line":31,"column":6},"end":{"line":31,"column":7}},"loc":{"start":{"line":31,"column":20},"end":{"line":33,"column":7}},"line":31},"6":{"name":"(anonymous_6)","decl":{"start":{"line":61,"column":22},"end":{"line":61,"column":23}},"loc":{"start":{"line":61,"column":33},"end":{"line":65,"column":9}},"line":61}},"branchMap":{"0":{"loc":{"start":{"line":41,"column":9},"end":{"line":49,"column":9}},"type":"binary-expr","locations":[{"start":{"line":41,"column":9},"end":{"line":41,"column":19}},{"start":{"line":42,"column":10},"end":{"line":48,"column":20}}],"line":41},"1":{"loc":{"start":{"line":62,"column":10},"end":{"line":64,"column":11}},"type":"if","locations":[{"start":{"line":62,"column":10},"end":{"line":64,"column":11}},{"start":{"line":62,"column":10},"end":{"line":64,"column":11}}],"line":62}},"s":{"0":4,"1":4,"2":4,"3":4,"4":4,"5":4,"6":0,"7":0,"8":0,"9":0,"10":0,"11":4,"12":0,"13":0},"f":{"0":4,"1":4,"2":4,"3":0,"4":0,"5":0,"6":0},"b":{"0":[4,0],"1":[0,0]},"_coverageSchema":"1a1c01bbd47fc00a2c39e90264f33305004495a9","hash":"5b9e842aaff192af1974b90bd135615335555637"}
,"/home/bernardo/Projects/Tests/codeforms/src/components/InputEmail/styles.js": {"path":"/home/bernardo/Projects/Tests/codeforms/src/components/InputEmail/styles.js","statementMap":{"0":{"start":{"line":4,"column":26},"end":{"line":4,"column":41}},"1":{"start":{"line":5,"column":21},"end":{"line":10,"column":1}},"2":{"start":{"line":11,"column":24},"end":{"line":16,"column":1}},"3":{"start":{"line":17,"column":22},"end":{"line":21,"column":1}},"4":{"start":{"line":22,"column":25},"end":{"line":30,"column":1}}},"fnMap":{},"branchMap":{},"s":{"0":1,"1":1,"2":1,"3":1,"4":1},"f":{},"b":{},"_coverageSchema":"1a1c01bbd47fc00a2c39e90264f33305004495a9","hash":"3ac91fbca894c2ac28a2cd725354b94be31b186b"}
,"/home/bernardo/Projects/Tests/codeforms/src/components/InputLongText/index.js": {"path":"/home/bernardo/Projects/Tests/codeforms/src/components/InputLongText/index.js","statementMap":{"0":{"start":{"line":11,"column":19},"end":{"line":11,"column":31}},"1":{"start":{"line":13,"column":60},"end":{"line":13,"column":74}},"2":{"start":{"line":15,"column":2},"end":{"line":17,"column":21}},"3":{"start":{"line":16,"column":4},"end":{"line":16,"column":42}},"4":{"start":{"line":19,"column":2},"end":{"line":36,"column":33}},"5":{"start":{"line":20,"column":4},"end":{"line":35,"column":7}},"6":{"start":{"line":25,"column":8},"end":{"line":25,"column":23}},"7":{"start":{"line":26,"column":8},"end":{"line":26,"column":20}},"8":{"start":{"line":29,"column":8},"end":{"line":29,"column":44}},"9":{"start":{"line":30,"column":8},"end":{"line":30,"column":39}},"10":{"start":{"line":33,"column":8},"end":{"line":33,"column":25}},"11":{"start":{"line":38,"column":2},"end":{"line":72,"column":4}},"12":{"start":{"line":65,"column":10},"end":{"line":67,"column":11}},"13":{"start":{"line":66,"column":12},"end":{"line":66,"column":43}}},"fnMap":{"0":{"name":"InputLongText","decl":{"start":{"line":10,"column":9},"end":{"line":10,"column":22}},"loc":{"start":{"line":10,"column":57},"end":{"line":73,"column":1}},"line":10},"1":{"name":"(anonymous_1)","decl":{"start":{"line":15,"column":12},"end":{"line":15,"column":13}},"loc":{"start":{"line":15,"column":18},"end":{"line":17,"column":3}},"line":15},"2":{"name":"(anonymous_2)","decl":{"start":{"line":19,"column":12},"end":{"line":19,"column":13}},"loc":{"start":{"line":19,"column":18},"end":{"line":36,"column":3}},"line":19},"3":{"name":"(anonymous_3)","decl":{"start":{"line":24,"column":6},"end":{"line":24,"column":7}},"loc":{"start":{"line":24,"column":22},"end":{"line":27,"column":7}},"line":24},"4":{"name":"(anonymous_4)","decl":{"start":{"line":28,"column":6},"end":{"line":28,"column":7}},"loc":{"start":{"line":28,"column":27},"end":{"line":31,"column":7}},"line":28},"5":{"name":"(anonymous_5)","decl":{"start":{"line":32,"column":6},"end":{"line":32,"column":7}},"loc":{"start":{"line":32,"column":20},"end":{"line":34,"column":7}},"line":32},"6":{"name":"(anonymous_6)","decl":{"start":{"line":64,"column":22},"end":{"line":64,"column":23}},"loc":{"start":{"line":64,"column":33},"end":{"line":68,"column":9}},"line":64}},"branchMap":{"0":{"loc":{"start":{"line":42,"column":9},"end":{"line":50,"column":9}},"type":"binary-expr","locations":[{"start":{"line":42,"column":9},"end":{"line":42,"column":19}},{"start":{"line":43,"column":10},"end":{"line":49,"column":20}}],"line":42},"1":{"loc":{"start":{"line":65,"column":10},"end":{"line":67,"column":11}},"type":"if","locations":[{"start":{"line":65,"column":10},"end":{"line":67,"column":11}},{"start":{"line":65,"column":10},"end":{"line":67,"column":11}}],"line":65}},"s":{"0":4,"1":4,"2":4,"3":4,"4":4,"5":4,"6":0,"7":0,"8":0,"9":0,"10":0,"11":4,"12":0,"13":0},"f":{"0":4,"1":4,"2":4,"3":0,"4":0,"5":0,"6":0},"b":{"0":[4,0],"1":[0,0]},"_coverageSchema":"1a1c01bbd47fc00a2c39e90264f33305004495a9","hash":"bcc4d5217219b879a16436a0a2e9b32f667b2a10"}
,"/home/bernardo/Projects/Tests/codeforms/src/components/InputLongText/styles.js": {"path":"/home/bernardo/Projects/Tests/codeforms/src/components/InputLongText/styles.js","statementMap":{"0":{"start":{"line":4,"column":29},"end":{"line":4,"column":44}},"1":{"start":{"line":5,"column":24},"end":{"line":10,"column":1}},"2":{"start":{"line":11,"column":22},"end":{"line":15,"column":1}},"3":{"start":{"line":16,"column":21},"end":{"line":21,"column":1}},"4":{"start":{"line":22,"column":25},"end":{"line":30,"column":1}}},"fnMap":{},"branchMap":{},"s":{"0":1,"1":1,"2":1,"3":1,"4":1},"f":{},"b":{},"_coverageSchema":"1a1c01bbd47fc00a2c39e90264f33305004495a9","hash":"8c6359bd01aa4a49a3fbf7ca5f1d4a03a350f3c3"}
,"/home/bernardo/Projects/Tests/codeforms/src/components/InputNumeric/index.js": {"path":"/home/bernardo/Projects/Tests/codeforms/src/components/InputNumeric/index.js","statementMap":{"0":{"start":{"line":18,"column":19},"end":{"line":18,"column":31}},"1":{"start":{"line":20,"column":60},"end":{"line":20,"column":74}},"2":{"start":{"line":22,"column":2},"end":{"line":24,"column":21}},"3":{"start":{"line":23,"column":4},"end":{"line":23,"column":42}},"4":{"start":{"line":26,"column":2},"end":{"line":43,"column":33}},"5":{"start":{"line":27,"column":4},"end":{"line":42,"column":7}},"6":{"start":{"line":32,"column":8},"end":{"line":32,"column":23}},"7":{"start":{"line":33,"column":8},"end":{"line":33,"column":20}},"8":{"start":{"line":36,"column":8},"end":{"line":36,"column":44}},"9":{"start":{"line":37,"column":8},"end":{"line":37,"column":39}},"10":{"start":{"line":40,"column":8},"end":{"line":40,"column":25}},"11":{"start":{"line":45,"column":2},"end":{"line":77,"column":4}},"12":{"start":{"line":70,"column":10},"end":{"line":72,"column":11}},"13":{"start":{"line":71,"column":12},"end":{"line":71,"column":43}}},"fnMap":{"0":{"name":"InputNumeric","decl":{"start":{"line":17,"column":9},"end":{"line":17,"column":21}},"loc":{"start":{"line":17,"column":56},"end":{"line":78,"column":1}},"line":17},"1":{"name":"(anonymous_1)","decl":{"start":{"line":22,"column":12},"end":{"line":22,"column":13}},"loc":{"start":{"line":22,"column":18},"end":{"line":24,"column":3}},"line":22},"2":{"name":"(anonymous_2)","decl":{"start":{"line":26,"column":12},"end":{"line":26,"column":13}},"loc":{"start":{"line":26,"column":18},"end":{"line":43,"column":3}},"line":26},"3":{"name":"(anonymous_3)","decl":{"start":{"line":31,"column":6},"end":{"line":31,"column":7}},"loc":{"start":{"line":31,"column":22},"end":{"line":34,"column":7}},"line":31},"4":{"name":"(anonymous_4)","decl":{"start":{"line":35,"column":6},"end":{"line":35,"column":7}},"loc":{"start":{"line":35,"column":27},"end":{"line":38,"column":7}},"line":35},"5":{"name":"(anonymous_5)","decl":{"start":{"line":39,"column":6},"end":{"line":39,"column":7}},"loc":{"start":{"line":39,"column":20},"end":{"line":41,"column":7}},"line":39},"6":{"name":"(anonymous_6)","decl":{"start":{"line":69,"column":22},"end":{"line":69,"column":23}},"loc":{"start":{"line":69,"column":33},"end":{"line":73,"column":9}},"line":69}},"branchMap":{"0":{"loc":{"start":{"line":49,"column":9},"end":{"line":57,"column":9}},"type":"binary-expr","locations":[{"start":{"line":49,"column":9},"end":{"line":49,"column":19}},{"start":{"line":50,"column":10},"end":{"line":56,"column":20}}],"line":49},"1":{"loc":{"start":{"line":70,"column":10},"end":{"line":72,"column":11}},"type":"if","locations":[{"start":{"line":70,"column":10},"end":{"line":72,"column":11}},{"start":{"line":70,"column":10},"end":{"line":72,"column":11}}],"line":70}},"s":{"0":4,"1":4,"2":4,"3":4,"4":4,"5":4,"6":0,"7":0,"8":0,"9":0,"10":0,"11":4,"12":0,"13":0},"f":{"0":4,"1":4,"2":4,"3":0,"4":0,"5":0,"6":0},"b":{"0":[4,0],"1":[0,0]},"_coverageSchema":"1a1c01bbd47fc00a2c39e90264f33305004495a9","hash":"90a574e0292e16d03f299a771911013d08e9d9de"}
,"/home/bernardo/Projects/Tests/codeforms/src/components/InputNumeric/styles.js": {"path":"/home/bernardo/Projects/Tests/codeforms/src/components/InputNumeric/styles.js","statementMap":{"0":{"start":{"line":4,"column":28},"end":{"line":4,"column":43}},"1":{"start":{"line":5,"column":24},"end":{"line":11,"column":1}},"2":{"start":{"line":12,"column":22},"end":{"line":16,"column":1}},"3":{"start":{"line":17,"column":21},"end":{"line":22,"column":1}},"4":{"start":{"line":23,"column":26},"end":{"line":29,"column":1}},"5":{"start":{"line":30,"column":25},"end":{"line":38,"column":1}}},"fnMap":{},"branchMap":{},"s":{"0":1,"1":1,"2":1,"3":1,"4":1,"5":1},"f":{},"b":{},"_coverageSchema":"1a1c01bbd47fc00a2c39e90264f33305004495a9","hash":"3c82cce42a9f48000643d2ddaac34718f695f03d"}
,"/home/bernardo/Projects/Tests/codeforms/src/components/InputPhone/index.js": {"path":"/home/bernardo/Projects/Tests/codeforms/src/components/InputPhone/index.js","statementMap":{"0":{"start":{"line":18,"column":19},"end":{"line":18,"column":27}},"1":{"start":{"line":19,"column":28},"end":{"line":19,"column":40}},"2":{"start":{"line":21,"column":60},"end":{"line":21,"column":74}},"3":{"start":{"line":23,"column":2},"end":{"line":26,"column":21}},"4":{"start":{"line":24,"column":4},"end":{"line":24,"column":42}},"5":{"start":{"line":25,"column":4},"end":{"line":25,"column":27}},"6":{"start":{"line":28,"column":2},"end":{"line":45,"column":33}},"7":{"start":{"line":29,"column":4},"end":{"line":44,"column":7}},"8":{"start":{"line":34,"column":8},"end":{"line":34,"column":23}},"9":{"start":{"line":35,"column":8},"end":{"line":35,"column":20}},"10":{"start":{"line":38,"column":8},"end":{"line":38,"column":44}},"11":{"start":{"line":39,"column":8},"end":{"line":39,"column":39}},"12":{"start":{"line":42,"column":8},"end":{"line":42,"column":33}},"13":{"start":{"line":47,"column":2},"end":{"line":82,"column":4}},"14":{"start":{"line":67,"column":30},"end":{"line":67,"column":60}},"15":{"start":{"line":75,"column":10},"end":{"line":75,"column":24}},"16":{"start":{"line":76,"column":10},"end":{"line":76,"column":39}}},"fnMap":{"0":{"name":"InputPhone","decl":{"start":{"line":17,"column":9},"end":{"line":17,"column":19}},"loc":{"start":{"line":17,"column":54},"end":{"line":83,"column":1}},"line":17},"1":{"name":"(anonymous_1)","decl":{"start":{"line":23,"column":12},"end":{"line":23,"column":13}},"loc":{"start":{"line":23,"column":18},"end":{"line":26,"column":3}},"line":23},"2":{"name":"(anonymous_2)","decl":{"start":{"line":28,"column":12},"end":{"line":28,"column":13}},"loc":{"start":{"line":28,"column":18},"end":{"line":45,"column":3}},"line":28},"3":{"name":"(anonymous_3)","decl":{"start":{"line":33,"column":6},"end":{"line":33,"column":7}},"loc":{"start":{"line":33,"column":22},"end":{"line":36,"column":7}},"line":33},"4":{"name":"(anonymous_4)","decl":{"start":{"line":37,"column":6},"end":{"line":37,"column":7}},"loc":{"start":{"line":37,"column":27},"end":{"line":40,"column":7}},"line":37},"5":{"name":"(anonymous_5)","decl":{"start":{"line":41,"column":6},"end":{"line":41,"column":7}},"loc":{"start":{"line":41,"column":20},"end":{"line":43,"column":7}},"line":41},"6":{"name":"(anonymous_6)","decl":{"start":{"line":67,"column":23},"end":{"line":67,"column":24}},"loc":{"start":{"line":67,"column":30},"end":{"line":67,"column":60}},"line":67},"7":{"name":"(anonymous_7)","decl":{"start":{"line":74,"column":22},"end":{"line":74,"column":23}},"loc":{"start":{"line":74,"column":31},"end":{"line":77,"column":9}},"line":74}},"branchMap":{"0":{"loc":{"start":{"line":51,"column":9},"end":{"line":59,"column":9}},"type":"binary-expr","locations":[{"start":{"line":51,"column":9},"end":{"line":51,"column":19}},{"start":{"line":52,"column":10},"end":{"line":58,"column":20}}],"line":51},"1":{"loc":{"start":{"line":80,"column":7},"end":{"line":80,"column":48}},"type":"binary-expr","locations":[{"start":{"line":80,"column":7},"end":{"line":80,"column":12}},{"start":{"line":80,"column":16},"end":{"line":80,"column":48}}],"line":80}},"s":{"0":8,"1":8,"2":8,"3":8,"4":4,"5":4,"6":8,"7":4,"8":0,"9":0,"10":0,"11":0,"12":0,"13":8,"14":0,"15":0,"16":0},"f":{"0":8,"1":4,"2":4,"3":0,"4":0,"5":0,"6":0,"7":0},"b":{"0":[8,0],"1":[8,0]},"_coverageSchema":"1a1c01bbd47fc00a2c39e90264f33305004495a9","hash":"19b61882ad373f2481a2ff424524da1063aacc79"}
,"/home/bernardo/Projects/Tests/codeforms/src/components/InputPhone/styles.js": {"path":"/home/bernardo/Projects/Tests/codeforms/src/components/InputPhone/styles.js","statementMap":{"0":{"start":{"line":5,"column":26},"end":{"line":13,"column":1}},"1":{"start":{"line":14,"column":21},"end":{"line":19,"column":1}},"2":{"start":{"line":20,"column":24},"end":{"line":25,"column":1}},"3":{"start":{"line":26,"column":22},"end":{"line":30,"column":1}},"4":{"start":{"line":31,"column":26},"end":{"line":37,"column":1}},"5":{"start":{"line":38,"column":25},"end":{"line":46,"column":1}}},"fnMap":{},"branchMap":{},"s":{"0":1,"1":1,"2":1,"3":1,"4":1,"5":1},"f":{},"b":{},"_coverageSchema":"1a1c01bbd47fc00a2c39e90264f33305004495a9","hash":"525ffecd42c2660f12484a3083acb008a465a365"}
,"/home/bernardo/Projects/Tests/codeforms/src/components/InputText/index.js": {"path":"/home/bernardo/Projects/Tests/codeforms/src/components/InputText/index.js","statementMap":{"0":{"start":{"line":19,"column":2},"end":{"line":74,"column":3}},"1":{"start":{"line":20,"column":21},"end":{"line":20,"column":33}},"2":{"start":{"line":21,"column":30},"end":{"line":21,"column":42}},"3":{"start":{"line":23,"column":62},"end":{"line":23,"column":76}},"4":{"start":{"line":25,"column":4},"end":{"line":27,"column":23}},"5":{"start":{"line":26,"column":6},"end":{"line":26,"column":44}},"6":{"start":{"line":29,"column":4},"end":{"line":46,"column":35}},"7":{"start":{"line":30,"column":6},"end":{"line":45,"column":9}},"8":{"start":{"line":35,"column":10},"end":{"line":35,"column":25}},"9":{"start":{"line":36,"column":10},"end":{"line":36,"column":22}},"10":{"start":{"line":39,"column":10},"end":{"line":39,"column":46}},"11":{"start":{"line":40,"column":10},"end":{"line":40,"column":41}},"12":{"start":{"line":43,"column":10},"end":{"line":43,"column":35}},"13":{"start":{"line":48,"column":4},"end":{"line":73,"column":6}},"14":{"start":{"line":57,"column":32},"end":{"line":57,"column":62}},"15":{"start":{"line":66,"column":12},"end":{"line":66,"column":26}},"16":{"start":{"line":67,"column":12},"end":{"line":67,"column":41}},"17":{"start":{"line":75,"column":19},"end":{"line":75,"column":31}},"18":{"start":{"line":77,"column":60},"end":{"line":77,"column":74}},"19":{"start":{"line":79,"column":2},"end":{"line":81,"column":21}},"20":{"start":{"line":80,"column":4},"end":{"line":80,"column":42}},"21":{"start":{"line":83,"column":2},"end":{"line":100,"column":33}},"22":{"start":{"line":84,"column":4},"end":{"line":99,"column":7}},"23":{"start":{"line":89,"column":8},"end":{"line":89,"column":23}},"24":{"start":{"line":90,"column":8},"end":{"line":90,"column":20}},"25":{"start":{"line":93,"column":8},"end":{"line":93,"column":44}},"26":{"start":{"line":94,"column":8},"end":{"line":94,"column":39}},"27":{"start":{"line":97,"column":8},"end":{"line":97,"column":25}},"28":{"start":{"line":102,"column":2},"end":{"line":133,"column":4}},"29":{"start":{"line":125,"column":10},"end":{"line":127,"column":11}},"30":{"start":{"line":126,"column":12},"end":{"line":126,"column":41}}},"fnMap":{"0":{"name":"InputText","decl":{"start":{"line":18,"column":9},"end":{"line":18,"column":18}},"loc":{"start":{"line":18,"column":53},"end":{"line":134,"column":1}},"line":18},"1":{"name":"(anonymous_1)","decl":{"start":{"line":25,"column":14},"end":{"line":25,"column":15}},"loc":{"start":{"line":25,"column":20},"end":{"line":27,"column":5}},"line":25},"2":{"name":"(anonymous_2)","decl":{"start":{"line":29,"column":14},"end":{"line":29,"column":15}},"loc":{"start":{"line":29,"column":20},"end":{"line":46,"column":5}},"line":29},"3":{"name":"(anonymous_3)","decl":{"start":{"line":34,"column":8},"end":{"line":34,"column":9}},"loc":{"start":{"line":34,"column":24},"end":{"line":37,"column":9}},"line":34},"4":{"name":"(anonymous_4)","decl":{"start":{"line":38,"column":8},"end":{"line":38,"column":9}},"loc":{"start":{"line":38,"column":29},"end":{"line":41,"column":9}},"line":38},"5":{"name":"(anonymous_5)","decl":{"start":{"line":42,"column":8},"end":{"line":42,"column":9}},"loc":{"start":{"line":42,"column":22},"end":{"line":44,"column":9}},"line":42},"6":{"name":"(anonymous_6)","decl":{"start":{"line":57,"column":25},"end":{"line":57,"column":26}},"loc":{"start":{"line":57,"column":32},"end":{"line":57,"column":62}},"line":57},"7":{"name":"(anonymous_7)","decl":{"start":{"line":65,"column":24},"end":{"line":65,"column":25}},"loc":{"start":{"line":65,"column":33},"end":{"line":68,"column":11}},"line":65},"8":{"name":"(anonymous_8)","decl":{"start":{"line":79,"column":12},"end":{"line":79,"column":13}},"loc":{"start":{"line":79,"column":18},"end":{"line":81,"column":3}},"line":79},"9":{"name":"(anonymous_9)","decl":{"start":{"line":83,"column":12},"end":{"line":83,"column":13}},"loc":{"start":{"line":83,"column":18},"end":{"line":100,"column":3}},"line":83},"10":{"name":"(anonymous_10)","decl":{"start":{"line":88,"column":6},"end":{"line":88,"column":7}},"loc":{"start":{"line":88,"column":22},"end":{"line":91,"column":7}},"line":88},"11":{"name":"(anonymous_11)","decl":{"start":{"line":92,"column":6},"end":{"line":92,"column":7}},"loc":{"start":{"line":92,"column":27},"end":{"line":95,"column":7}},"line":92},"12":{"name":"(anonymous_12)","decl":{"start":{"line":96,"column":6},"end":{"line":96,"column":7}},"loc":{"start":{"line":96,"column":20},"end":{"line":98,"column":7}},"line":96},"13":{"name":"(anonymous_13)","decl":{"start":{"line":124,"column":22},"end":{"line":124,"column":23}},"loc":{"start":{"line":124,"column":31},"end":{"line":128,"column":9}},"line":124}},"branchMap":{"0":{"loc":{"start":{"line":19,"column":2},"end":{"line":74,"column":3}},"type":"if","locations":[{"start":{"line":19,"column":2},"end":{"line":74,"column":3}},{"start":{"line":19,"column":2},"end":{"line":74,"column":3}}],"line":19},"1":{"loc":{"start":{"line":71,"column":9},"end":{"line":71,"column":50}},"type":"binary-expr","locations":[{"start":{"line":71,"column":9},"end":{"line":71,"column":14}},{"start":{"line":71,"column":18},"end":{"line":71,"column":50}}],"line":71},"2":{"loc":{"start":{"line":106,"column":9},"end":{"line":114,"column":9}},"type":"binary-expr","locations":[{"start":{"line":106,"column":9},"end":{"line":106,"column":19}},{"start":{"line":107,"column":10},"end":{"line":113,"column":20}}],"line":106},"3":{"loc":{"start":{"line":125,"column":10},"end":{"line":127,"column":11}},"type":"if","locations":[{"start":{"line":125,"column":10},"end":{"line":127,"column":11}},{"start":{"line":125,"column":10},"end":{"line":127,"column":11}}],"line":125},"4":{"loc":{"start":{"line":131,"column":7},"end":{"line":131,"column":48}},"type":"binary-expr","locations":[{"start":{"line":131,"column":7},"end":{"line":131,"column":12}},{"start":{"line":131,"column":16},"end":{"line":131,"column":48}}],"line":131}},"s":{"0":4,"1":0,"2":0,"3":0,"4":0,"5":0,"6":0,"7":0,"8":0,"9":0,"10":0,"11":0,"12":0,"13":0,"14":0,"15":0,"16":0,"17":4,"18":4,"19":4,"20":4,"21":4,"22":4,"23":0,"24":0,"25":0,"26":0,"27":0,"28":4,"29":0,"30":0},"f":{"0":4,"1":0,"2":0,"3":0,"4":0,"5":0,"6":0,"7":0,"8":4,"9":4,"10":0,"11":0,"12":0,"13":0},"b":{"0":[0,4],"1":[0,0],"2":[4,0],"3":[0,0],"4":[4,0]},"_coverageSchema":"1a1c01bbd47fc00a2c39e90264f33305004495a9","hash":"75ad22533fde2f49d0a0e2c9d3eb6aed2c232605"}
,"/home/bernardo/Projects/Tests/codeforms/src/components/InputText/styles.js": {"path":"/home/bernardo/Projects/Tests/codeforms/src/components/InputText/styles.js","statementMap":{"0":{"start":{"line":4,"column":30},"end":{"line":12,"column":1}},"1":{"start":{"line":13,"column":36},"end":{"line":21,"column":1}},"2":{"start":{"line":22,"column":21},"end":{"line":27,"column":1}},"3":{"start":{"line":28,"column":24},"end":{"line":33,"column":1}},"4":{"start":{"line":34,"column":22},"end":{"line":38,"column":1}},"5":{"start":{"line":39,"column":26},"end":{"line":45,"column":1}},"6":{"start":{"line":47,"column":25},"end":{"line":55,"column":1}}},"fnMap":{},"branchMap":{},"s":{"0":1,"1":1,"2":1,"3":1,"4":1,"5":1,"6":1},"f":{},"b":{},"_coverageSchema":"1a1c01bbd47fc00a2c39e90264f33305004495a9","hash":"04d7de28293e99ba8a0dcf10747f28f7b06755d0"}
,"/home/bernardo/Projects/Tests/codeforms/src/controller/ValidationObjectBuilder.js": {"path":"/home/bernardo/Projects/Tests/codeforms/src/controller/ValidationObjectBuilder.js","statementMap":{"0":{"start":{"line":19,"column":2},"end":{"line":98,"column":3}},"1":{"start":{"line":24,"column":4},"end":{"line":97,"column":5}},"2":{"start":{"line":26,"column":8},"end":{"line":30,"column":10}},"3":{"start":{"line":32,"column":8},"end":{"line":32,"column":14}},"4":{"start":{"line":35,"column":8},"end":{"line":39,"column":10}},"5":{"start":{"line":41,"column":8},"end":{"line":41,"column":14}},"6":{"start":{"line":44,"column":8},"end":{"line":48,"column":10}},"7":{"start":{"line":50,"column":8},"end":{"line":50,"column":14}},"8":{"start":{"line":53,"column":8},"end":{"line":57,"column":10}},"9":{"start":{"line":59,"column":8},"end":{"line":59,"column":14}},"10":{"start":{"line":62,"column":8},"end":{"line":66,"column":10}},"11":{"start":{"line":68,"column":8},"end":{"line":68,"column":14}},"12":{"start":{"line":71,"column":8},"end":{"line":74,"column":10}},"13":{"start":{"line":76,"column":8},"end":{"line":76,"column":14}},"14":{"start":{"line":79,"column":8},"end":{"line":82,"column":10}},"15":{"start":{"line":84,"column":8},"end":{"line":84,"column":14}},"16":{"start":{"line":87,"column":8},"end":{"line":91,"column":10}},"17":{"start":{"line":93,"column":8},"end":{"line":93,"column":14}},"18":{"start":{"line":96,"column":8},"end":{"line":96,"column":14}},"19":{"start":{"line":99,"column":2},"end":{"line":160,"column":3}},"20":{"start":{"line":100,"column":4},"end":{"line":159,"column":5}},"21":{"start":{"line":102,"column":8},"end":{"line":105,"column":10}},"22":{"start":{"line":107,"column":8},"end":{"line":107,"column":14}},"23":{"start":{"line":110,"column":8},"end":{"line":113,"column":10}},"24":{"start":{"line":115,"column":8},"end":{"line":115,"column":14}},"25":{"start":{"line":118,"column":8},"end":{"line":121,"column":10}},"26":{"start":{"line":123,"column":8},"end":{"line":123,"column":14}},"27":{"start":{"line":126,"column":8},"end":{"line":129,"column":10}},"28":{"start":{"line":131,"column":8},"end":{"line":131,"column":14}},"29":{"start":{"line":134,"column":8},"end":{"line":137,"column":10}},"30":{"start":{"line":139,"column":8},"end":{"line":139,"column":14}},"31":{"start":{"line":142,"column":8},"end":{"line":145,"column":10}},"32":{"start":{"line":147,"column":8},"end":{"line":147,"column":14}},"33":{"start":{"line":150,"column":8},"end":{"line":153,"column":10}},"34":{"start":{"line":155,"column":8},"end":{"line":155,"column":14}},"35":{"start":{"line":158,"column":8},"end":{"line":158,"column":14}},"36":{"start":{"line":161,"column":2},"end":{"line":161,"column":34}}},"fnMap":{"0":{"name":"ValidationObjectBuilder","decl":{"start":{"line":17,"column":16},"end":{"line":17,"column":39}},"loc":{"start":{"line":17,"column":47},"end":{"line":162,"column":1}},"line":17}},"branchMap":{"0":{"loc":{"start":{"line":19,"column":2},"end":{"line":98,"column":3}},"type":"if","locations":[{"start":{"line":19,"column":2},"end":{"line":98,"column":3}},{"start":{"line":19,"column":2},"end":{"line":98,"column":3}}],"line":19},"1":{"loc":{"start":{"line":20,"column":4},"end":{"line":22,"column":27}},"type":"binary-expr","locations":[{"start":{"line":20,"column":4},"end":{"line":20,"column":21}},{"start":{"line":21,"column":4},"end":{"line":21,"column":44}},{"start":{"line":22,"column":4},"end":{"line":22,"column":27}}],"line":20},"2":{"loc":{"start":{"line":24,"column":4},"end":{"line":97,"column":5}},"type":"switch","locations":[{"start":{"line":25,"column":6},"end":{"line":32,"column":14}},{"start":{"line":34,"column":6},"end":{"line":41,"column":14}},{"start":{"line":43,"column":6},"end":{"line":50,"column":14}},{"start":{"line":52,"column":6},"end":{"line":59,"column":14}},{"start":{"line":61,"column":6},"end":{"line":68,"column":14}},{"start":{"line":70,"column":6},"end":{"line":76,"column":14}},{"start":{"line":78,"column":6},"end":{"line":84,"column":14}},{"start":{"line":86,"column":6},"end":{"line":93,"column":14}},{"start":{"line":95,"column":6},"end":{"line":96,"column":14}}],"line":24},"3":{"loc":{"start":{"line":99,"column":2},"end":{"line":160,"column":3}},"type":"if","locations":[{"start":{"line":99,"column":2},"end":{"line":160,"column":3}},{"start":{"line":99,"column":2},"end":{"line":160,"column":3}}],"line":99},"4":{"loc":{"start":{"line":99,"column":6},"end":{"line":99,"column":64}},"type":"binary-expr","locations":[{"start":{"line":99,"column":6},"end":{"line":99,"column":37}},{"start":{"line":99,"column":41},"end":{"line":99,"column":64}}],"line":99},"5":{"loc":{"start":{"line":100,"column":4},"end":{"line":159,"column":5}},"type":"switch","locations":[{"start":{"line":101,"column":6},"end":{"line":107,"column":14}},{"start":{"line":109,"column":6},"end":{"line":115,"column":14}},{"start":{"line":117,"column":6},"end":{"line":123,"column":14}},{"start":{"line":125,"column":6},"end":{"line":131,"column":14}},{"start":{"line":133,"column":6},"end":{"line":139,"column":14}},{"start":{"line":141,"column":6},"end":{"line":147,"column":14}},{"start":{"line":149,"column":6},"end":{"line":155,"column":14}},{"start":{"line":157,"column":6},"end":{"line":158,"column":14}}],"line":100}},"s":{"0":54,"1":40,"2":10,"3":10,"4":10,"5":10,"6":8,"7":8,"8":2,"9":2,"10":4,"11":4,"12":2,"13":2,"14":2,"15":2,"16":2,"17":2,"18":0,"19":54,"20":18,"21":2,"22":2,"23":2,"24":2,"25":2,"26":2,"27":2,"28":2,"29":2,"30":2,"31":2,"32":2,"33":2,"34":2,"35":4,"36":54},"f":{"0":54},"b":{"0":[40,14],"1":[54,18,16],"2":[10,10,8,2,4,2,2,2,0],"3":[18,36],"4":[54,18],"5":[2,2,2,2,2,2,2,4]},"_coverageSchema":"1a1c01bbd47fc00a2c39e90264f33305004495a9","hash":"97fb2ca95254944460c9661fc44df52b3baf36a3"}
,"/home/bernardo/Projects/Tests/codeforms/src/utils/ValidationsObjects.js": {"path":"/home/bernardo/Projects/Tests/codeforms/src/utils/ValidationsObjects.js","statementMap":{"0":{"start":{"line":4,"column":36},"end":{"line":88,"column":1}},"1":{"start":{"line":5,"column":31},"end":{"line":67,"column":3}},"2":{"start":{"line":7,"column":4},"end":{"line":62,"column":5}},"3":{"start":{"line":9,"column":8},"end":{"line":15,"column":10}},"4":{"start":{"line":17,"column":8},"end":{"line":17,"column":14}},"5":{"start":{"line":20,"column":8},"end":{"line":26,"column":10}},"6":{"start":{"line":28,"column":8},"end":{"line":28,"column":14}},"7":{"start":{"line":30,"column":8},"end":{"line":36,"column":10}},"8":{"start":{"line":38,"column":8},"end":{"line":38,"column":14}},"9":{"start":{"line":40,"column":8},"end":{"line":46,"column":10}},"10":{"start":{"line":48,"column":8},"end":{"line":48,"column":14}},"11":{"start":{"line":50,"column":8},"end":{"line":56,"column":10}},"12":{"start":{"line":58,"column":8},"end":{"line":58,"column":14}},"13":{"start":{"line":61,"column":8},"end":{"line":61,"column":14}},"14":{"start":{"line":64,"column":4},"end":{"line":66,"column":5}},"15":{"start":{"line":65,"column":6},"end":{"line":65,"column":32}},"16":{"start":{"line":69,"column":27},"end":{"line":71,"column":3}},"17":{"start":{"line":70,"column":4},"end":{"line":70,"column":55}},"18":{"start":{"line":73,"column":26},"end":{"line":77,"column":3}},"19":{"start":{"line":79,"column":2},"end":{"line":85,"column":3}},"20":{"start":{"line":80,"column":31},"end":{"line":83,"column":5}},"21":{"start":{"line":84,"column":4},"end":{"line":84,"column":57}},"22":{"start":{"line":87,"column":2},"end":{"line":87,"column":25}},"23":{"start":{"line":91,"column":38},"end":{"line":198,"column":1}},"24":{"start":{"line":92,"column":2},"end":{"line":153,"column":3}},"25":{"start":{"line":93,"column":35},"end":{"line":125,"column":5}},"26":{"start":{"line":95,"column":6},"end":{"line":120,"column":7}},"27":{"start":{"line":97,"column":10},"end":{"line":103,"column":12}},"28":{"start":{"line":105,"column":10},"end":{"line":105,"column":16}},"29":{"start":{"line":108,"column":10},"end":{"line":114,"column":12}},"30":{"start":{"line":116,"column":10},"end":{"line":116,"column":16}},"31":{"start":{"line":119,"column":10},"end":{"line":119,"column":16}},"32":{"start":{"line":122,"column":6},"end":{"line":124,"column":7}},"33":{"start":{"line":123,"column":8},"end":{"line":123,"column":34}},"34":{"start":{"line":127,"column":29},"end":{"line":129,"column":5}},"35":{"start":{"line":128,"column":6},"end":{"line":128,"column":59}},"36":{"start":{"line":131,"column":28},"end":{"line":135,"column":5}},"37":{"start":{"line":134,"column":53},"end":{"line":134,"column":71}},"38":{"start":{"line":137,"column":4},"end":{"line":143,"column":5}},"39":{"start":{"line":138,"column":33},"end":{"line":141,"column":7}},"40":{"start":{"line":142,"column":6},"end":{"line":142,"column":59}},"41":{"start":{"line":144,"column":4},"end":{"line":150,"column":5}},"42":{"start":{"line":145,"column":33},"end":{"line":148,"column":7}},"43":{"start":{"line":149,"column":6},"end":{"line":149,"column":59}},"44":{"start":{"line":152,"column":4},"end":{"line":152,"column":27}},"45":{"start":{"line":154,"column":2},"end":{"line":197,"column":3}},"46":{"start":{"line":155,"column":44},"end":{"line":176,"column":5}},"47":{"start":{"line":157,"column":6},"end":{"line":171,"column":7}},"48":{"start":{"line":159,"column":10},"end":{"line":165,"column":12}},"49":{"start":{"line":167,"column":10},"end":{"line":167,"column":16}},"50":{"start":{"line":170,"column":10},"end":{"line":170,"column":16}},"51":{"start":{"line":173,"column":6},"end":{"line":175,"column":7}},"52":{"start":{"line":174,"column":8},"end":{"line":174,"column":34}},"53":{"start":{"line":178,"column":29},"end":{"line":180,"column":5}},"54":{"start":{"line":179,"column":6},"end":{"line":179,"column":68}},"55":{"start":{"line":182,"column":28},"end":{"line":186,"column":5}},"56":{"start":{"line":185,"column":53},"end":{"line":185,"column":71}},"57":{"start":{"line":188,"column":4},"end":{"line":194,"column":5}},"58":{"start":{"line":189,"column":33},"end":{"line":192,"column":7}},"59":{"start":{"line":193,"column":6},"end":{"line":193,"column":59}},"60":{"start":{"line":196,"column":4},"end":{"line":196,"column":27}},"61":{"start":{"line":201,"column":37},"end":{"line":246,"column":1}},"62":{"start":{"line":202,"column":32},"end":{"line":225,"column":3}},"63":{"start":{"line":204,"column":4},"end":{"line":220,"column":5}},"64":{"start":{"line":206,"column":8},"end":{"line":214,"column":10}},"65":{"start":{"line":216,"column":8},"end":{"line":216,"column":14}},"66":{"start":{"line":219,"column":8},"end":{"line":219,"column":14}},"67":{"start":{"line":222,"column":4},"end":{"line":224,"column":5}},"68":{"start":{"line":223,"column":6},"end":{"line":223,"column":32}},"69":{"start":{"line":227,"column":27},"end":{"line":229,"column":3}},"70":{"start":{"line":228,"column":4},"end":{"line":228,"column":56}},"71":{"start":{"line":231,"column":26},"end":{"line":235,"column":3}},"72":{"start":{"line":237,"column":2},"end":{"line":243,"column":3}},"73":{"start":{"line":238,"column":31},"end":{"line":241,"column":5}},"74":{"start":{"line":242,"column":4},"end":{"line":242,"column":57}},"75":{"start":{"line":245,"column":2},"end":{"line":245,"column":25}},"76":{"start":{"line":249,"column":36},"end":{"line":308,"column":1}},"77":{"start":{"line":250,"column":31},"end":{"line":282,"column":3}},"78":{"start":{"line":252,"column":4},"end":{"line":277,"column":5}},"79":{"start":{"line":254,"column":8},"end":{"line":260,"column":10}},"80":{"start":{"line":262,"column":8},"end":{"line":262,"column":14}},"81":{"start":{"line":265,"column":8},"end":{"line":271,"column":10}},"82":{"start":{"line":273,"column":8},"end":{"line":273,"column":14}},"83":{"start":{"line":276,"column":8},"end":{"line":276,"column":14}},"84":{"start":{"line":279,"column":4},"end":{"line":281,"column":5}},"85":{"start":{"line":280,"column":6},"end":{"line":280,"column":32}},"86":{"start":{"line":284,"column":27},"end":{"line":286,"column":3}},"87":{"start":{"line":285,"column":4},"end":{"line":285,"column":55}},"88":{"start":{"line":288,"column":26},"end":{"line":292,"column":3}},"89":{"start":{"line":294,"column":2},"end":{"line":305,"column":3}},"90":{"start":{"line":295,"column":31},"end":{"line":298,"column":5}},"91":{"start":{"line":299,"column":34},"end":{"line":302,"column":5}},"92":{"start":{"line":303,"column":4},"end":{"line":303,"column":57}},"93":{"start":{"line":304,"column":4},"end":{"line":304,"column":60}},"94":{"start":{"line":307,"column":2},"end":{"line":307,"column":25}},"95":{"start":{"line":311,"column":40},"end":{"line":334,"column":1}},"96":{"start":{"line":312,"column":27},"end":{"line":312,"column":29}},"97":{"start":{"line":314,"column":26},"end":{"line":318,"column":3}},"98":{"start":{"line":320,"column":2},"end":{"line":331,"column":3}},"99":{"start":{"line":321,"column":31},"end":{"line":324,"column":5}},"100":{"start":{"line":325,"column":34},"end":{"line":328,"column":5}},"101":{"start":{"line":329,"column":4},"end":{"line":329,"column":57}},"102":{"start":{"line":330,"column":4},"end":{"line":330,"column":60}},"103":{"start":{"line":333,"column":2},"end":{"line":333,"column":25}},"104":{"start":{"line":337,"column":38},"end":{"line":360,"column":1}},"105":{"start":{"line":338,"column":27},"end":{"line":338,"column":29}},"106":{"start":{"line":340,"column":26},"end":{"line":344,"column":3}},"107":{"start":{"line":346,"column":2},"end":{"line":357,"column":3}},"108":{"start":{"line":347,"column":31},"end":{"line":350,"column":5}},"109":{"start":{"line":351,"column":34},"end":{"line":354,"column":5}},"110":{"start":{"line":355,"column":4},"end":{"line":355,"column":57}},"111":{"start":{"line":356,"column":4},"end":{"line":356,"column":60}},"112":{"start":{"line":359,"column":2},"end":{"line":359,"column":25}},"113":{"start":{"line":363,"column":37},"end":{"line":406,"column":1}},"114":{"start":{"line":364,"column":33},"end":{"line":385,"column":3}},"115":{"start":{"line":366,"column":4},"end":{"line":380,"column":5}},"116":{"start":{"line":368,"column":8},"end":{"line":374,"column":10}},"117":{"start":{"line":376,"column":8},"end":{"line":376,"column":14}},"118":{"start":{"line":379,"column":8},"end":{"line":379,"column":14}},"119":{"start":{"line":382,"column":4},"end":{"line":384,"column":5}},"120":{"start":{"line":383,"column":6},"end":{"line":383,"column":32}},"121":{"start":{"line":387,"column":27},"end":{"line":389,"column":3}},"122":{"start":{"line":388,"column":4},"end":{"line":388,"column":57}},"123":{"start":{"line":391,"column":26},"end":{"line":395,"column":3}},"124":{"start":{"line":394,"column":51},"end":{"line":394,"column":69}},"125":{"start":{"line":397,"column":2},"end":{"line":403,"column":3}},"126":{"start":{"line":398,"column":31},"end":{"line":401,"column":5}},"127":{"start":{"line":402,"column":4},"end":{"line":402,"column":57}},"128":{"start":{"line":405,"column":2},"end":{"line":405,"column":25}},"129":{"start":{"line":409,"column":48},"end":{"line":430,"column":1}},"130":{"start":{"line":410,"column":26},"end":{"line":414,"column":3}},"131":{"start":{"line":416,"column":2},"end":{"line":427,"column":3}},"132":{"start":{"line":417,"column":31},"end":{"line":420,"column":5}},"133":{"start":{"line":421,"column":34},"end":{"line":424,"column":5}},"134":{"start":{"line":425,"column":4},"end":{"line":425,"column":57}},"135":{"start":{"line":426,"column":4},"end":{"line":426,"column":60}},"136":{"start":{"line":429,"column":2},"end":{"line":429,"column":25}},"137":{"start":{"line":432,"column":48},"end":{"line":453,"column":1}},"138":{"start":{"line":433,"column":26},"end":{"line":437,"column":3}},"139":{"start":{"line":439,"column":2},"end":{"line":450,"column":3}},"140":{"start":{"line":440,"column":31},"end":{"line":443,"column":5}},"141":{"start":{"line":444,"column":34},"end":{"line":447,"column":5}},"142":{"start":{"line":448,"column":4},"end":{"line":448,"column":57}},"143":{"start":{"line":449,"column":4},"end":{"line":449,"column":60}},"144":{"start":{"line":452,"column":2},"end":{"line":452,"column":25}},"145":{"start":{"line":455,"column":50},"end":{"line":476,"column":1}},"146":{"start":{"line":456,"column":26},"end":{"line":460,"column":3}},"147":{"start":{"line":462,"column":2},"end":{"line":473,"column":3}},"148":{"start":{"line":463,"column":31},"end":{"line":466,"column":5}},"149":{"start":{"line":467,"column":34},"end":{"line":470,"column":5}},"150":{"start":{"line":471,"column":4},"end":{"line":471,"column":57}},"151":{"start":{"line":472,"column":4},"end":{"line":472,"column":60}},"152":{"start":{"line":475,"column":2},"end":{"line":475,"column":25}},"153":{"start":{"line":478,"column":49},"end":{"line":499,"column":1}},"154":{"start":{"line":479,"column":26},"end":{"line":483,"column":3}},"155":{"start":{"line":485,"column":2},"end":{"line":496,"column":3}},"156":{"start":{"line":486,"column":31},"end":{"line":489,"column":5}},"157":{"start":{"line":490,"column":34},"end":{"line":493,"column":5}},"158":{"start":{"line":494,"column":4},"end":{"line":494,"column":57}},"159":{"start":{"line":495,"column":4},"end":{"line":495,"column":60}},"160":{"start":{"line":498,"column":2},"end":{"line":498,"column":25}},"161":{"start":{"line":501,"column":49},"end":{"line":522,"column":1}},"162":{"start":{"line":502,"column":26},"end":{"line":506,"column":3}},"163":{"start":{"line":508,"column":2},"end":{"line":519,"column":3}},"164":{"start":{"line":509,"column":31},"end":{"line":512,"column":5}},"165":{"start":{"line":513,"column":34},"end":{"line":516,"column":5}},"166":{"start":{"line":517,"column":4},"end":{"line":517,"column":57}},"167":{"start":{"line":518,"column":4},"end":{"line":518,"column":60}},"168":{"start":{"line":521,"column":2},"end":{"line":521,"column":25}},"169":{"start":{"line":523,"column":51},"end":{"line":544,"column":1}},"170":{"start":{"line":524,"column":26},"end":{"line":528,"column":3}},"171":{"start":{"line":530,"column":2},"end":{"line":541,"column":3}},"172":{"start":{"line":531,"column":31},"end":{"line":534,"column":5}},"173":{"start":{"line":535,"column":34},"end":{"line":538,"column":5}},"174":{"start":{"line":539,"column":4},"end":{"line":539,"column":57}},"175":{"start":{"line":540,"column":4},"end":{"line":540,"column":60}},"176":{"start":{"line":543,"column":2},"end":{"line":543,"column":25}}},"fnMap":{"0":{"name":"(anonymous_0)","decl":{"start":{"line":4,"column":36},"end":{"line":4,"column":37}},"loc":{"start":{"line":4,"column":75},"end":{"line":88,"column":1}},"line":4},"1":{"name":"(anonymous_1)","decl":{"start":{"line":5,"column":31},"end":{"line":5,"column":32}},"loc":{"start":{"line":5,"column":64},"end":{"line":67,"column":3}},"line":5},"2":{"name":"(anonymous_2)","decl":{"start":{"line":69,"column":62},"end":{"line":69,"column":63}},"loc":{"start":{"line":70,"column":4},"end":{"line":70,"column":55}},"line":70},"3":{"name":"(anonymous_3)","decl":{"start":{"line":91,"column":38},"end":{"line":91,"column":39}},"loc":{"start":{"line":91,"column":77},"end":{"line":198,"column":1}},"line":91},"4":{"name":"(anonymous_4)","decl":{"start":{"line":93,"column":35},"end":{"line":93,"column":36}},"loc":{"start":{"line":93,"column":68},"end":{"line":125,"column":5}},"line":93},"5":{"name":"(anonymous_5)","decl":{"start":{"line":127,"column":64},"end":{"line":127,"column":65}},"loc":{"start":{"line":128,"column":6},"end":{"line":128,"column":59}},"line":128},"6":{"name":"(anonymous_6)","decl":{"start":{"line":134,"column":43},"end":{"line":134,"column":44}},"loc":{"start":{"line":134,"column":53},"end":{"line":134,"column":71}},"line":134},"7":{"name":"(anonymous_7)","decl":{"start":{"line":155,"column":44},"end":{"line":155,"column":45}},"loc":{"start":{"line":155,"column":77},"end":{"line":176,"column":5}},"line":155},"8":{"name":"(anonymous_8)","decl":{"start":{"line":178,"column":64},"end":{"line":178,"column":65}},"loc":{"start":{"line":179,"column":6},"end":{"line":179,"column":68}},"line":179},"9":{"name":"(anonymous_9)","decl":{"start":{"line":185,"column":43},"end":{"line":185,"column":44}},"loc":{"start":{"line":185,"column":53},"end":{"line":185,"column":71}},"line":185},"10":{"name":"(anonymous_10)","decl":{"start":{"line":201,"column":37},"end":{"line":201,"column":38}},"loc":{"start":{"line":201,"column":76},"end":{"line":246,"column":1}},"line":201},"11":{"name":"(anonymous_11)","decl":{"start":{"line":202,"column":32},"end":{"line":202,"column":33}},"loc":{"start":{"line":202,"column":65},"end":{"line":225,"column":3}},"line":202},"12":{"name":"(anonymous_12)","decl":{"start":{"line":227,"column":62},"end":{"line":227,"column":63}},"loc":{"start":{"line":228,"column":4},"end":{"line":228,"column":56}},"line":228},"13":{"name":"(anonymous_13)","decl":{"start":{"line":249,"column":36},"end":{"line":249,"column":37}},"loc":{"start":{"line":249,"column":75},"end":{"line":308,"column":1}},"line":249},"14":{"name":"(anonymous_14)","decl":{"start":{"line":250,"column":31},"end":{"line":250,"column":32}},"loc":{"start":{"line":250,"column":64},"end":{"line":282,"column":3}},"line":250},"15":{"name":"(anonymous_15)","decl":{"start":{"line":284,"column":62},"end":{"line":284,"column":63}},"loc":{"start":{"line":285,"column":4},"end":{"line":285,"column":55}},"line":285},"16":{"name":"(anonymous_16)","decl":{"start":{"line":311,"column":40},"end":{"line":311,"column":41}},"loc":{"start":{"line":311,"column":60},"end":{"line":334,"column":1}},"line":311},"17":{"name":"(anonymous_17)","decl":{"start":{"line":337,"column":38},"end":{"line":337,"column":39}},"loc":{"start":{"line":337,"column":58},"end":{"line":360,"column":1}},"line":337},"18":{"name":"(anonymous_18)","decl":{"start":{"line":363,"column":37},"end":{"line":363,"column":38}},"loc":{"start":{"line":363,"column":76},"end":{"line":406,"column":1}},"line":363},"19":{"name":"(anonymous_19)","decl":{"start":{"line":364,"column":33},"end":{"line":364,"column":34}},"loc":{"start":{"line":364,"column":66},"end":{"line":385,"column":3}},"line":364},"20":{"name":"(anonymous_20)","decl":{"start":{"line":387,"column":62},"end":{"line":387,"column":63}},"loc":{"start":{"line":388,"column":4},"end":{"line":388,"column":57}},"line":388},"21":{"name":"(anonymous_21)","decl":{"start":{"line":394,"column":41},"end":{"line":394,"column":42}},"loc":{"start":{"line":394,"column":51},"end":{"line":394,"column":69}},"line":394},"22":{"name":"(anonymous_22)","decl":{"start":{"line":409,"column":48},"end":{"line":409,"column":49}},"loc":{"start":{"line":409,"column":68},"end":{"line":430,"column":1}},"line":409},"23":{"name":"(anonymous_23)","decl":{"start":{"line":432,"column":48},"end":{"line":432,"column":49}},"loc":{"start":{"line":432,"column":68},"end":{"line":453,"column":1}},"line":432},"24":{"name":"(anonymous_24)","decl":{"start":{"line":455,"column":50},"end":{"line":455,"column":51}},"loc":{"start":{"line":455,"column":70},"end":{"line":476,"column":1}},"line":455},"25":{"name":"(anonymous_25)","decl":{"start":{"line":478,"column":49},"end":{"line":478,"column":50}},"loc":{"start":{"line":478,"column":69},"end":{"line":499,"column":1}},"line":478},"26":{"name":"(anonymous_26)","decl":{"start":{"line":501,"column":49},"end":{"line":501,"column":50}},"loc":{"start":{"line":501,"column":69},"end":{"line":522,"column":1}},"line":501},"27":{"name":"(anonymous_27)","decl":{"start":{"line":523,"column":51},"end":{"line":523,"column":52}},"loc":{"start":{"line":523,"column":71},"end":{"line":544,"column":1}},"line":523}},"branchMap":{"0":{"loc":{"start":{"line":7,"column":4},"end":{"line":62,"column":5}},"type":"switch","locations":[{"start":{"line":8,"column":6},"end":{"line":17,"column":14}},{"start":{"line":19,"column":6},"end":{"line":28,"column":14}},{"start":{"line":29,"column":6},"end":{"line":38,"column":14}},{"start":{"line":39,"column":6},"end":{"line":48,"column":14}},{"start":{"line":49,"column":6},"end":{"line":58,"column":14}},{"start":{"line":60,"column":6},"end":{"line":61,"column":14}}],"line":7},"1":{"loc":{"start":{"line":64,"column":4},"end":{"line":66,"column":5}},"type":"if","locations":[{"start":{"line":64,"column":4},"end":{"line":66,"column":5}},{"start":{"line":64,"column":4},"end":{"line":66,"column":5}}],"line":64},"2":{"loc":{"start":{"line":79,"column":2},"end":{"line":85,"column":3}},"type":"if","locations":[{"start":{"line":79,"column":2},"end":{"line":85,"column":3}},{"start":{"line":79,"column":2},"end":{"line":85,"column":3}}],"line":79},"3":{"loc":{"start":{"line":92,"column":2},"end":{"line":153,"column":3}},"type":"if","locations":[{"start":{"line":92,"column":2},"end":{"line":153,"column":3}},{"start":{"line":92,"column":2},"end":{"line":153,"column":3}}],"line":92},"4":{"loc":{"start":{"line":95,"column":6},"end":{"line":120,"column":7}},"type":"switch","locations":[{"start":{"line":96,"column":8},"end":{"line":105,"column":16}},{"start":{"line":107,"column":8},"end":{"line":116,"column":16}},{"start":{"line":118,"column":8},"end":{"line":119,"column":16}}],"line":95},"5":{"loc":{"start":{"line":122,"column":6},"end":{"line":124,"column":7}},"type":"if","locations":[{"start":{"line":122,"column":6},"end":{"line":124,"column":7}},{"start":{"line":122,"column":6},"end":{"line":124,"column":7}}],"line":122},"6":{"loc":{"start":{"line":137,"column":4},"end":{"line":143,"column":5}},"type":"if","locations":[{"start":{"line":137,"column":4},"end":{"line":143,"column":5}},{"start":{"line":137,"column":4},"end":{"line":143,"column":5}}],"line":137},"7":{"loc":{"start":{"line":144,"column":4},"end":{"line":150,"column":5}},"type":"if","locations":[{"start":{"line":144,"column":4},"end":{"line":150,"column":5}},{"start":{"line":144,"column":4},"end":{"line":150,"column":5}}],"line":144},"8":{"loc":{"start":{"line":154,"column":2},"end":{"line":197,"column":3}},"type":"if","locations":[{"start":{"line":154,"column":2},"end":{"line":197,"column":3}},{"start":{"line":154,"column":2},"end":{"line":197,"column":3}}],"line":154},"9":{"loc":{"start":{"line":157,"column":6},"end":{"line":171,"column":7}},"type":"switch","locations":[{"start":{"line":158,"column":8},"end":{"line":167,"column":16}},{"start":{"line":169,"column":8},"end":{"line":170,"column":16}}],"line":157},"10":{"loc":{"start":{"line":173,"column":6},"end":{"line":175,"column":7}},"type":"if","locations":[{"start":{"line":173,"column":6},"end":{"line":175,"column":7}},{"start":{"line":173,"column":6},"end":{"line":175,"column":7}}],"line":173},"11":{"loc":{"start":{"line":188,"column":4},"end":{"line":194,"column":5}},"type":"if","locations":[{"start":{"line":188,"column":4},"end":{"line":194,"column":5}},{"start":{"line":188,"column":4},"end":{"line":194,"column":5}}],"line":188},"12":{"loc":{"start":{"line":204,"column":4},"end":{"line":220,"column":5}},"type":"switch","locations":[{"start":{"line":205,"column":6},"end":{"line":216,"column":14}},{"start":{"line":218,"column":6},"end":{"line":219,"column":14}}],"line":204},"13":{"loc":{"start":{"line":222,"column":4},"end":{"line":224,"column":5}},"type":"if","locations":[{"start":{"line":222,"column":4},"end":{"line":224,"column":5}},{"start":{"line":222,"column":4},"end":{"line":224,"column":5}}],"line":222},"14":{"loc":{"start":{"line":237,"column":2},"end":{"line":243,"column":3}},"type":"if","locations":[{"start":{"line":237,"column":2},"end":{"line":243,"column":3}},{"start":{"line":237,"column":2},"end":{"line":243,"column":3}}],"line":237},"15":{"loc":{"start":{"line":252,"column":4},"end":{"line":277,"column":5}},"type":"switch","locations":[{"start":{"line":253,"column":6},"end":{"line":262,"column":14}},{"start":{"line":264,"column":6},"end":{"line":273,"column":14}},{"start":{"line":275,"column":6},"end":{"line":276,"column":14}}],"line":252},"16":{"loc":{"start":{"line":279,"column":4},"end":{"line":281,"column":5}},"type":"if","locations":[{"start":{"line":279,"column":4},"end":{"line":281,"column":5}},{"start":{"line":279,"column":4},"end":{"line":281,"column":5}}],"line":279},"17":{"loc":{"start":{"line":294,"column":2},"end":{"line":305,"column":3}},"type":"if","locations":[{"start":{"line":294,"column":2},"end":{"line":305,"column":3}},{"start":{"line":294,"column":2},"end":{"line":305,"column":3}}],"line":294},"18":{"loc":{"start":{"line":320,"column":2},"end":{"line":331,"column":3}},"type":"if","locations":[{"start":{"line":320,"column":2},"end":{"line":331,"column":3}},{"start":{"line":320,"column":2},"end":{"line":331,"column":3}}],"line":320},"19":{"loc":{"start":{"line":346,"column":2},"end":{"line":357,"column":3}},"type":"if","locations":[{"start":{"line":346,"column":2},"end":{"line":357,"column":3}},{"start":{"line":346,"column":2},"end":{"line":357,"column":3}}],"line":346},"20":{"loc":{"start":{"line":366,"column":4},"end":{"line":380,"column":5}},"type":"switch","locations":[{"start":{"line":367,"column":6},"end":{"line":376,"column":14}},{"start":{"line":378,"column":6},"end":{"line":379,"column":14}}],"line":366},"21":{"loc":{"start":{"line":382,"column":4},"end":{"line":384,"column":5}},"type":"if","locations":[{"start":{"line":382,"column":4},"end":{"line":384,"column":5}},{"start":{"line":382,"column":4},"end":{"line":384,"column":5}}],"line":382},"22":{"loc":{"start":{"line":397,"column":2},"end":{"line":403,"column":3}},"type":"if","locations":[{"start":{"line":397,"column":2},"end":{"line":403,"column":3}},{"start":{"line":397,"column":2},"end":{"line":403,"column":3}}],"line":397},"23":{"loc":{"start":{"line":416,"column":2},"end":{"line":427,"column":3}},"type":"if","locations":[{"start":{"line":416,"column":2},"end":{"line":427,"column":3}},{"start":{"line":416,"column":2},"end":{"line":427,"column":3}}],"line":416},"24":{"loc":{"start":{"line":439,"column":2},"end":{"line":450,"column":3}},"type":"if","locations":[{"start":{"line":439,"column":2},"end":{"line":450,"column":3}},{"start":{"line":439,"column":2},"end":{"line":450,"column":3}}],"line":439},"25":{"loc":{"start":{"line":462,"column":2},"end":{"line":473,"column":3}},"type":"if","locations":[{"start":{"line":462,"column":2},"end":{"line":473,"column":3}},{"start":{"line":462,"column":2},"end":{"line":473,"column":3}}],"line":462},"26":{"loc":{"start":{"line":485,"column":2},"end":{"line":496,"column":3}},"type":"if","locations":[{"start":{"line":485,"column":2},"end":{"line":496,"column":3}},{"start":{"line":485,"column":2},"end":{"line":496,"column":3}}],"line":485},"27":{"loc":{"start":{"line":508,"column":2},"end":{"line":519,"column":3}},"type":"if","locations":[{"start":{"line":508,"column":2},"end":{"line":519,"column":3}},{"start":{"line":508,"column":2},"end":{"line":519,"column":3}}],"line":508},"28":{"loc":{"start":{"line":530,"column":2},"end":{"line":541,"column":3}},"type":"if","locations":[{"start":{"line":530,"column":2},"end":{"line":541,"column":3}},{"start":{"line":530,"column":2},"end":{"line":541,"column":3}}],"line":530}},"s":{"0":9,"1":20,"2":20,"3":4,"4":4,"5":4,"6":4,"7":4,"8":4,"9":4,"10":4,"11":4,"12":4,"13":0,"14":20,"15":20,"16":20,"17":20,"18":20,"19":20,"20":0,"21":0,"22":20,"23":9,"24":8,"25":6,"26":6,"27":2,"28":2,"29":2,"30":2,"31":2,"32":6,"33":4,"34":6,"35":6,"36":6,"37":6,"38":6,"39":0,"40":0,"41":6,"42":2,"43":2,"44":6,"45":2,"46":2,"47":2,"48":2,"49":2,"50":0,"51":2,"52":2,"53":2,"54":2,"55":2,"56":2,"57":2,"58":0,"59":0,"60":2,"61":9,"62":2,"63":2,"64":2,"65":2,"66":0,"67":2,"68":2,"69":2,"70":2,"71":2,"72":2,"73":0,"74":0,"75":2,"76":9,"77":4,"78":4,"79":2,"80":2,"81":2,"82":2,"83":0,"84":4,"85":4,"86":4,"87":4,"88":4,"89":4,"90":0,"91":0,"92":0,"93":0,"94":4,"95":9,"96":2,"97":2,"98":2,"99":2,"100":2,"101":2,"102":2,"103":2,"104":9,"105":2,"106":2,"107":2,"108":2,"109":2,"110":2,"111":2,"112":2,"113":9,"114":2,"115":2,"116":2,"117":2,"118":0,"119":2,"120":2,"121":2,"122":2,"123":2,"124":2,"125":2,"126":0,"127":0,"128":2,"129":9,"130":2,"131":2,"132":2,"133":2,"134":2,"135":2,"136":2,"137":9,"138":4,"139":4,"140":4,"141":4,"142":4,"143":4,"144":4,"145":9,"146":2,"147":2,"148":2,"149":2,"150":2,"151":2,"152":2,"153":9,"154":2,"155":2,"156":2,"157":2,"158":2,"159":2,"160":2,"161":9,"162":2,"163":2,"164":2,"165":2,"166":2,"167":2,"168":2,"169":9,"170":2,"171":2,"172":2,"173":2,"174":2,"175":2,"176":2},"f":{"0":20,"1":20,"2":20,"3":8,"4":6,"5":6,"6":6,"7":2,"8":2,"9":2,"10":2,"11":2,"12":2,"13":4,"14":4,"15":4,"16":2,"17":2,"18":2,"19":2,"20":2,"21":2,"22":2,"23":4,"24":2,"25":2,"26":2,"27":2},"b":{"0":[4,4,4,4,4,0],"1":[20,0],"2":[0,20],"3":[6,2],"4":[2,2,2],"5":[4,2],"6":[0,6],"7":[2,4],"8":[2,0],"9":[2,0],"10":[2,0],"11":[0,2],"12":[2,0],"13":[2,0],"14":[0,2],"15":[2,2,0],"16":[4,0],"17":[0,4],"18":[2,0],"19":[2,0],"20":[2,0],"21":[2,0],"22":[0,2],"23":[2,0],"24":[4,0],"25":[2,0],"26":[2,0],"27":[2,0],"28":[2,0]},"_coverageSchema":"1a1c01bbd47fc00a2c39e90264f33305004495a9","hash":"c9d6e973956a7b502ed9f949bad73738225c16f7"}
,"/home/bernardo/Projects/Tests/codeforms/src/utils/formatDateFunctions.js": {"path":"/home/bernardo/Projects/Tests/codeforms/src/utils/formatDateFunctions.js","statementMap":{"0":{"start":{"line":1,"column":22},"end":{"line":4,"column":1}},"1":{"start":{"line":2,"column":29},"end":{"line":2,"column":47}},"2":{"start":{"line":3,"column":2},"end":{"line":3,"column":40}},"3":{"start":{"line":5,"column":32},"end":{"line":8,"column":1}},"4":{"start":{"line":6,"column":29},"end":{"line":6,"column":47}},"5":{"start":{"line":7,"column":2},"end":{"line":7,"column":35}}},"fnMap":{"0":{"name":"(anonymous_0)","decl":{"start":{"line":1,"column":22},"end":{"line":1,"column":23}},"loc":{"start":{"line":1,"column":35},"end":{"line":4,"column":1}},"line":1},"1":{"name":"(anonymous_1)","decl":{"start":{"line":5,"column":32},"end":{"line":5,"column":33}},"loc":{"start":{"line":5,"column":45},"end":{"line":8,"column":1}},"line":5}},"branchMap":{},"s":{"0":9,"1":4,"2":4,"3":9,"4":4,"5":4},"f":{"0":4,"1":4},"b":{},"_coverageSchema":"1a1c01bbd47fc00a2c39e90264f33305004495a9","hash":"f97c48e4ad49f1bcb438b9f9f7e5682d44d8828d"}
,"/home/bernardo/Projects/Tests/codeforms/src/utils/replaceMask.js": {"path":"/home/bernardo/Projects/Tests/codeforms/src/utils/replaceMask.js","statementMap":{"0":{"start":{"line":2,"column":15},"end":{"line":2,"column":37}},"1":{"start":{"line":3,"column":2},"end":{"line":3,"column":14}}},"fnMap":{"0":{"name":"transformToMaskString","decl":{"start":{"line":1,"column":16},"end":{"line":1,"column":37}},"loc":{"start":{"line":1,"column":43},"end":{"line":4,"column":1}},"line":1}},"branchMap":{},"s":{"0":8,"1":8},"f":{"0":8},"b":{},"_coverageSchema":"1a1c01bbd47fc00a2c39e90264f33305004495a9","hash":"75658ef79116e0dac6b30e24d664f80cd28a93b0"}
,"/home/bernardo/Projects/Tests/codeforms/src/utils/yupSchemaCreator.js": {"path":"/home/bernardo/Projects/Tests/codeforms/src/utils/yupSchemaCreator.js","statementMap":{"0":{"start":{"line":4,"column":51},"end":{"line":4,"column":57}},"1":{"start":{"line":5,"column":2},"end":{"line":7,"column":3}},"2":{"start":{"line":6,"column":4},"end":{"line":6,"column":18}},"3":{"start":{"line":8,"column":18},"end":{"line":8,"column":39}},"4":{"start":{"line":9,"column":2},"end":{"line":16,"column":5}},"5":{"start":{"line":10,"column":29},"end":{"line":10,"column":39}},"6":{"start":{"line":11,"column":4},"end":{"line":13,"column":5}},"7":{"start":{"line":12,"column":6},"end":{"line":12,"column":13}},"8":{"start":{"line":15,"column":4},"end":{"line":15,"column":43}},"9":{"start":{"line":17,"column":2},"end":{"line":17,"column":25}},"10":{"start":{"line":18,"column":2},"end":{"line":18,"column":16}}},"fnMap":{"0":{"name":"createYupSchema","decl":{"start":{"line":3,"column":16},"end":{"line":3,"column":31}},"loc":{"start":{"line":3,"column":48},"end":{"line":19,"column":1}},"line":3},"1":{"name":"(anonymous_1)","decl":{"start":{"line":9,"column":22},"end":{"line":9,"column":23}},"loc":{"start":{"line":9,"column":38},"end":{"line":16,"column":3}},"line":9}},"branchMap":{"0":{"loc":{"start":{"line":4,"column":30},"end":{"line":4,"column":46}},"type":"default-arg","locations":[{"start":{"line":4,"column":44},"end":{"line":4,"column":46}}],"line":4},"1":{"loc":{"start":{"line":5,"column":2},"end":{"line":7,"column":3}},"type":"if","locations":[{"start":{"line":5,"column":2},"end":{"line":7,"column":3}},{"start":{"line":5,"column":2},"end":{"line":7,"column":3}}],"line":5},"2":{"loc":{"start":{"line":11,"column":4},"end":{"line":13,"column":5}},"type":"if","locations":[{"start":{"line":11,"column":4},"end":{"line":13,"column":5}},{"start":{"line":11,"column":4},"end":{"line":13,"column":5}}],"line":11}},"s":{"0":54,"1":54,"2":0,"3":54,"4":54,"5":72,"6":72,"7":0,"8":72,"9":54,"10":54},"f":{"0":54,"1":72},"b":{"0":[0],"1":[0,54],"2":[0,72]},"_coverageSchema":"1a1c01bbd47fc00a2c39e90264f33305004495a9","hash":"a2ce5c8aaf26ae79ed691efa5c1a3e924bd3e75f"}
,"/home/bernardo/Projects/Tests/codeforms/tests/fixtures/Components/EmailField/emailInput_fieldData.js": {"path":"/home/bernardo/Projects/Tests/codeforms/tests/fixtures/Components/EmailField/emailInput_fieldData.js","statementMap":{"0":{"start":{"line":1,"column":26},"end":{"line":5,"column":1}}},"fnMap":{},"branchMap":{},"s":{"0":1},"f":{},"b":{},"_coverageSchema":"1a1c01bbd47fc00a2c39e90264f33305004495a9","hash":"34042e8627c18ca4c2c7f973923927d533672499"}
,"/home/bernardo/Projects/Tests/codeforms/tests/fixtures/Components/LongTextField/longTextInput_fieldData.js": {"path":"/home/bernardo/Projects/Tests/codeforms/tests/fixtures/Components/LongTextField/longTextInput_fieldData.js","statementMap":{"0":{"start":{"line":1,"column":29},"end":{"line":5,"column":1}}},"fnMap":{},"branchMap":{},"s":{"0":1},"f":{},"b":{},"_coverageSchema":"1a1c01bbd47fc00a2c39e90264f33305004495a9","hash":"7685ab1f4ada620a11a18fcd0f8a539037260a0f"}
,"/home/bernardo/Projects/Tests/codeforms/tests/fixtures/Components/NumericField/numericInput_fieldData.js": {"path":"/home/bernardo/Projects/Tests/codeforms/tests/fixtures/Components/NumericField/numericInput_fieldData.js","statementMap":{"0":{"start":{"line":1,"column":28},"end":{"line":5,"column":1}}},"fnMap":{},"branchMap":{},"s":{"0":1},"f":{},"b":{},"_coverageSchema":"1a1c01bbd47fc00a2c39e90264f33305004495a9","hash":"f265ae45a32175375a5fbc3a752a71e56384238a"}
,"/home/bernardo/Projects/Tests/codeforms/tests/fixtures/Components/PhoneField/phoneInput_fieldData.js": {"path":"/home/bernardo/Projects/Tests/codeforms/tests/fixtures/Components/PhoneField/phoneInput_fieldData.js","statementMap":{"0":{"start":{"line":1,"column":26},"end":{"line":6,"column":1}}},"fnMap":{},"branchMap":{},"s":{"0":1},"f":{},"b":{},"_coverageSchema":"1a1c01bbd47fc00a2c39e90264f33305004495a9","hash":"ad4206ed199ff1a203b770deb3cfb572e968e1a3"}
,"/home/bernardo/Projects/Tests/codeforms/tests/fixtures/Components/TextField/textInput_fieldData.js": {"path":"/home/bernardo/Projects/Tests/codeforms/tests/fixtures/Components/TextField/textInput_fieldData.js","statementMap":{"0":{"start":{"line":1,"column":25},"end":{"line":5,"column":1}}},"fnMap":{},"branchMap":{},"s":{"0":1},"f":{},"b":{},"_coverageSchema":"1a1c01bbd47fc00a2c39e90264f33305004495a9","hash":"5f8bb8671b67cc03bf1085fd883a9d14ba29642e"}
}
