TN:
SF:App.js
FN:27,(anonymous_0)
FNF:1
FNH:1
FNDA:1,(anonymous_0)
DA:27,1
DA:28,1
DA:72,1
LF:3
LH:3
BRDA:35,0,0,1
BRDA:35,0,1,0
BRF:2
BRH:1
end_of_record
TN:
SF:src/components/InputEmail/index.js
FN:9,InputEmail
FN:14,(anonymous_1)
FN:18,(anonymous_2)
FN:23,(anonymous_3)
FN:27,(anonymous_4)
FN:31,(anonymous_5)
FN:61,(anonymous_6)
FNF:7
FNH:3
FNDA:4,InputEmail
FNDA:4,(anonymous_1)
FNDA:4,(anonymous_2)
FNDA:0,(anonymous_3)
FNDA:0,(anonymous_4)
FNDA:0,(anonymous_5)
FNDA:0,(anonymous_6)
DA:10,4
DA:12,4
DA:14,4
DA:15,4
DA:18,4
DA:19,4
DA:24,0
DA:25,0
DA:28,0
DA:29,0
DA:32,0
DA:37,4
DA:62,0
DA:63,0
LF:14
LH:7
BRDA:41,0,0,4
BRDA:41,0,1,0
BRDA:62,1,0,0
BRDA:62,1,1,0
BRF:4
BRH:1
end_of_record
TN:
SF:src/components/InputEmail/styles.js
FNF:0
FNH:0
DA:4,1
DA:5,1
DA:11,1
DA:17,1
DA:22,1
LF:5
LH:5
BRF:0
BRH:0
end_of_record
TN:
SF:src/components/InputLongText/index.js
FN:10,InputLongText
FN:15,(anonymous_1)
FN:19,(anonymous_2)
FN:24,(anonymous_3)
FN:28,(anonymous_4)
FN:32,(anonymous_5)
FN:64,(anonymous_6)
FNF:7
FNH:3
FNDA:4,InputLongText
FNDA:4,(anonymous_1)
FNDA:4,(anonymous_2)
FNDA:0,(anonymous_3)
FNDA:0,(anonymous_4)
FNDA:0,(anonymous_5)
FNDA:0,(anonymous_6)
DA:11,4
DA:13,4
DA:15,4
DA:16,4
DA:19,4
DA:20,4
DA:25,0
DA:26,0
DA:29,0
DA:30,0
DA:33,0
DA:38,4
DA:65,0
DA:66,0
LF:14
LH:7
BRDA:42,0,0,4
BRDA:42,0,1,0
BRDA:65,1,0,0
BRDA:65,1,1,0
BRF:4
BRH:1
end_of_record
TN:
SF:src/components/InputLongText/styles.js
FNF:0
FNH:0
DA:4,1
DA:5,1
DA:11,1
DA:16,1
DA:22,1
LF:5
LH:5
BRF:0
BRH:0
end_of_record
TN:
SF:src/components/InputNumeric/index.js
FN:17,InputNumeric
FN:22,(anonymous_1)
FN:26,(anonymous_2)
FN:31,(anonymous_3)
FN:35,(anonymous_4)
FN:39,(anonymous_5)
FN:69,(anonymous_6)
FNF:7
FNH:3
FNDA:4,InputNumeric
FNDA:4,(anonymous_1)
FNDA:4,(anonymous_2)
FNDA:0,(anonymous_3)
FNDA:0,(anonymous_4)
FNDA:0,(anonymous_5)
FNDA:0,(anonymous_6)
DA:18,4
DA:20,4
DA:22,4
DA:23,4
DA:26,4
DA:27,4
DA:32,0
DA:33,0
DA:36,0
DA:37,0
DA:40,0
DA:45,4
DA:70,0
DA:71,0
LF:14
LH:7
BRDA:49,0,0,4
BRDA:49,0,1,0
BRDA:70,1,0,0
BRDA:70,1,1,0
BRF:4
BRH:1
end_of_record
TN:
SF:src/components/InputNumeric/styles.js
FNF:0
FNH:0
DA:4,1
DA:5,1
DA:12,1
DA:17,1
DA:23,1
DA:30,1
LF:6
LH:6
BRF:0
BRH:0
end_of_record
TN:
SF:src/components/InputPhone/index.js
FN:17,InputPhone
FN:23,(anonymous_1)
FN:28,(anonymous_2)
FN:33,(anonymous_3)
FN:37,(anonymous_4)
FN:41,(anonymous_5)
FN:67,(anonymous_6)
FN:74,(anonymous_7)
FNF:8
FNH:3
FNDA:8,InputPhone
FNDA:4,(anonymous_1)
FNDA:4,(anonymous_2)
FNDA:0,(anonymous_3)
FNDA:0,(anonymous_4)
FNDA:0,(anonymous_5)
FNDA:0,(anonymous_6)
FNDA:0,(anonymous_7)
DA:18,8
DA:19,8
DA:21,8
DA:23,8
DA:24,4
DA:25,4
DA:28,8
DA:29,4
DA:34,0
DA:35,0
DA:38,0
DA:39,0
DA:42,0
DA:47,8
DA:67,0
DA:75,0
DA:76,0
LF:17
LH:9
BRDA:51,0,0,8
BRDA:51,0,1,0
BRDA:80,1,0,8
BRDA:80,1,1,0
BRF:4
BRH:2
end_of_record
TN:
SF:src/components/InputPhone/styles.js
FNF:0
FNH:0
DA:5,1
DA:14,1
DA:20,1
DA:26,1
DA:31,1
DA:38,1
LF:6
LH:6
BRF:0
BRH:0
end_of_record
TN:
SF:src/components/InputText/index.js
FN:18,InputText
FN:25,(anonymous_1)
FN:29,(anonymous_2)
FN:34,(anonymous_3)
FN:38,(anonymous_4)
FN:42,(anonymous_5)
FN:57,(anonymous_6)
FN:65,(anonymous_7)
FN:79,(anonymous_8)
FN:83,(anonymous_9)
FN:88,(anonymous_10)
FN:92,(anonymous_11)
FN:96,(anonymous_12)
FN:124,(anonymous_13)
FNF:14
FNH:3
FNDA:4,InputText
FNDA:0,(anonymous_1)
FNDA:0,(anonymous_2)
FNDA:0,(anonymous_3)
FNDA:0,(anonymous_4)
FNDA:0,(anonymous_5)
FNDA:0,(anonymous_6)
FNDA:0,(anonymous_7)
FNDA:4,(anonymous_8)
FNDA:4,(anonymous_9)
FNDA:0,(anonymous_10)
FNDA:0,(anonymous_11)
FNDA:0,(anonymous_12)
FNDA:0,(anonymous_13)
DA:19,4
DA:20,0
DA:21,0
DA:23,0
DA:25,0
DA:26,0
DA:29,0
DA:30,0
DA:35,0
DA:36,0
DA:39,0
DA:40,0
DA:43,0
DA:48,0
DA:57,0
DA:66,0
DA:67,0
DA:75,4
DA:77,4
DA:79,4
DA:80,4
DA:83,4
DA:84,4
DA:89,0
DA:90,0
DA:93,0
DA:94,0
DA:97,0
DA:102,4
DA:125,0
DA:126,0
LF:31
LH:8
BRDA:19,0,0,0
BRDA:19,0,1,4
BRDA:71,1,0,0
BRDA:71,1,1,0
BRDA:106,2,0,4
BRDA:106,2,1,0
BRDA:125,3,0,0
BRDA:125,3,1,0
BRDA:131,4,0,4
BRDA:131,4,1,0
BRF:10
BRH:3
end_of_record
TN:
SF:src/components/InputText/styles.js
FNF:0
FNH:0
DA:4,1
DA:13,1
DA:22,1
DA:28,1
DA:34,1
DA:39,1
DA:47,1
LF:7
LH:7
BRF:0
BRH:0
end_of_record
TN:
SF:src/controller/ValidationObjectBuilder.js
FN:17,ValidationObjectBuilder
FNF:1
FNH:1
FNDA:54,ValidationObjectBuilder
DA:19,54
DA:24,40
DA:26,10
DA:32,10
DA:35,10
DA:41,10
DA:44,8
DA:50,8
DA:53,2
DA:59,2
DA:62,4
DA:68,4
DA:71,2
DA:76,2
DA:79,2
DA:84,2
DA:87,2
DA:93,2
DA:96,0
DA:99,54
DA:100,18
DA:102,2
DA:107,2
DA:110,2
DA:115,2
DA:118,2
DA:123,2
DA:126,2
DA:131,2
DA:134,2
DA:139,2
DA:142,2
DA:147,2
DA:150,2
DA:155,2
DA:158,4
DA:161,54
LF:37
LH:36
BRDA:19,0,0,40
BRDA:19,0,1,14
BRDA:20,1,0,54
BRDA:20,1,1,18
BRDA:20,1,2,16
BRDA:24,2,0,10
BRDA:24,2,1,10
BRDA:24,2,2,8
BRDA:24,2,3,2
BRDA:24,2,4,4
BRDA:24,2,5,2
BRDA:24,2,6,2
BRDA:24,2,7,2
BRDA:24,2,8,0
BRDA:99,3,0,18
BRDA:99,3,1,36
BRDA:99,4,0,54
BRDA:99,4,1,18
BRDA:100,5,0,2
BRDA:100,5,1,2
BRDA:100,5,2,2
BRDA:100,5,3,2
BRDA:100,5,4,2
BRDA:100,5,5,2
BRDA:100,5,6,2
BRDA:100,5,7,4
BRF:26
BRH:25
end_of_record
TN:
SF:src/utils/ValidationsObjects.js
FN:4,(anonymous_0)
FN:5,(anonymous_1)
FN:69,(anonymous_2)
FN:91,(anonymous_3)
FN:93,(anonymous_4)
FN:127,(anonymous_5)
FN:134,(anonymous_6)
FN:155,(anonymous_7)
FN:178,(anonymous_8)
FN:185,(anonymous_9)
FN:201,(anonymous_10)
FN:202,(anonymous_11)
FN:227,(anonymous_12)
FN:249,(anonymous_13)
FN:250,(anonymous_14)
FN:284,(anonymous_15)
FN:311,(anonymous_16)
FN:337,(anonymous_17)
FN:363,(anonymous_18)
FN:364,(anonymous_19)
FN:387,(anonymous_20)
FN:394,(anonymous_21)
FN:409,(anonymous_22)
FN:432,(anonymous_23)
FN:455,(anonymous_24)
FN:478,(anonymous_25)
FN:501,(anonymous_26)
FN:523,(anonymous_27)
FNF:28
FNH:28
FNDA:20,(anonymous_0)
FNDA:20,(anonymous_1)
FNDA:20,(anonymous_2)
FNDA:8,(anonymous_3)
FNDA:6,(anonymous_4)
FNDA:6,(anonymous_5)
FNDA:6,(anonymous_6)
FNDA:2,(anonymous_7)
FNDA:2,(anonymous_8)
FNDA:2,(anonymous_9)
FNDA:2,(anonymous_10)
FNDA:2,(anonymous_11)
FNDA:2,(anonymous_12)
FNDA:4,(anonymous_13)
FNDA:4,(anonymous_14)
FNDA:4,(anonymous_15)
FNDA:2,(anonymous_16)
FNDA:2,(anonymous_17)
FNDA:2,(anonymous_18)
FNDA:2,(anonymous_19)
FNDA:2,(anonymous_20)
FNDA:2,(anonymous_21)
FNDA:2,(anonymous_22)
FNDA:4,(anonymous_23)
FNDA:2,(anonymous_24)
FNDA:2,(anonymous_25)
FNDA:2,(anonymous_26)
FNDA:2,(anonymous_27)
DA:4,9
DA:5,20
DA:7,20
DA:9,4
DA:17,4
DA:20,4
DA:28,4
DA:30,4
DA:38,4
DA:40,4
DA:48,4
DA:50,4
DA:58,4
DA:61,0
DA:64,20
DA:65,20
DA:69,20
DA:70,20
DA:73,20
DA:79,20
DA:80,0
DA:84,0
DA:87,20
DA:91,9
DA:92,8
DA:93,6
DA:95,6
DA:97,2
DA:105,2
DA:108,2
DA:116,2
DA:119,2
DA:122,6
DA:123,4
DA:127,6
DA:128,6
DA:131,6
DA:134,6
DA:137,6
DA:138,0
DA:142,0
DA:144,6
DA:145,2
DA:149,2
DA:152,6
DA:154,2
DA:155,2
DA:157,2
DA:159,2
DA:167,2
DA:170,0
DA:173,2
DA:174,2
DA:178,2
DA:179,2
DA:182,2
DA:185,2
DA:188,2
DA:189,0
DA:193,0
DA:196,2
DA:201,9
DA:202,2
DA:204,2
DA:206,2
DA:216,2
DA:219,0
DA:222,2
DA:223,2
DA:227,2
DA:228,2
DA:231,2
DA:237,2
DA:238,0
DA:242,0
DA:245,2
DA:249,9
DA:250,4
DA:252,4
DA:254,2
DA:262,2
DA:265,2
DA:273,2
DA:276,0
DA:279,4
DA:280,4
DA:284,4
DA:285,4
DA:288,4
DA:294,4
DA:295,0
DA:299,0
DA:303,0
DA:304,0
DA:307,4
DA:311,9
DA:312,2
DA:314,2
DA:320,2
DA:321,2
DA:325,2
DA:329,2
DA:330,2
DA:333,2
DA:337,9
DA:338,2
DA:340,2
DA:346,2
DA:347,2
DA:351,2
DA:355,2
DA:356,2
DA:359,2
DA:363,9
DA:364,2
DA:366,2
DA:368,2
DA:376,2
DA:379,0
DA:382,2
DA:383,2
DA:387,2
DA:388,2
DA:391,2
DA:394,2
DA:397,2
DA:398,0
DA:402,0
DA:405,2
DA:409,9
DA:410,2
DA:416,2
DA:417,2
DA:421,2
DA:425,2
DA:426,2
DA:429,2
DA:432,9
DA:433,4
DA:439,4
DA:440,4
DA:444,4
DA:448,4
DA:449,4
DA:452,4
DA:455,9
DA:456,2
DA:462,2
DA:463,2
DA:467,2
DA:471,2
DA:472,2
DA:475,2
DA:478,9
DA:479,2
DA:485,2
DA:486,2
DA:490,2
DA:494,2
DA:495,2
DA:498,2
DA:501,9
DA:502,2
DA:508,2
DA:509,2
DA:513,2
DA:517,2
DA:518,2
DA:521,2
DA:523,9
DA:524,2
DA:530,2
DA:531,2
DA:535,2
DA:539,2
DA:540,2
DA:543,2
LF:177
LH:158
BRDA:7,0,0,4
BRDA:7,0,1,4
BRDA:7,0,2,4
BRDA:7,0,3,4
BRDA:7,0,4,4
BRDA:7,0,5,0
BRDA:64,1,0,20
BRDA:64,1,1,0
BRDA:79,2,0,0
BRDA:79,2,1,20
BRDA:92,3,0,6
BRDA:92,3,1,2
BRDA:95,4,0,2
BRDA:95,4,1,2
BRDA:95,4,2,2
BRDA:122,5,0,4
BRDA:122,5,1,2
BRDA:137,6,0,0
BRDA:137,6,1,6
BRDA:144,7,0,2
BRDA:144,7,1,4
BRDA:154,8,0,2
BRDA:154,8,1,0
BRDA:157,9,0,2
BRDA:157,9,1,0
BRDA:173,10,0,2
BRDA:173,10,1,0
BRDA:188,11,0,0
BRDA:188,11,1,2
BRDA:204,12,0,2
BRDA:204,12,1,0
BRDA:222,13,0,2
BRDA:222,13,1,0
BRDA:237,14,0,0
BRDA:237,14,1,2
BRDA:252,15,0,2
BRDA:252,15,1,2
BRDA:252,15,2,0
BRDA:279,16,0,4
BRDA:279,16,1,0
BRDA:294,17,0,0
BRDA:294,17,1,4
BRDA:320,18,0,2
BRDA:320,18,1,0
BRDA:346,19,0,2
BRDA:346,19,1,0
BRDA:366,20,0,2
BRDA:366,20,1,0
BRDA:382,21,0,2
BRDA:382,21,1,0
BRDA:397,22,0,0
BRDA:397,22,1,2
BRDA:416,23,0,2
BRDA:416,23,1,0
BRDA:439,24,0,4
BRDA:439,24,1,0
BRDA:462,25,0,2
BRDA:462,25,1,0
BRDA:485,26,0,2
BRDA:485,26,1,0
BRDA:508,27,0,2
BRDA:508,27,1,0
BRDA:530,28,0,2
BRDA:530,28,1,0
BRF:64
BRH:39
end_of_record
TN:
SF:src/utils/formatDateFunctions.js
FN:1,(anonymous_0)
FN:5,(anonymous_1)
FNF:2
FNH:2
FNDA:4,(anonymous_0)
FNDA:4,(anonymous_1)
DA:1,9
DA:2,4
DA:3,4
DA:5,9
DA:6,4
DA:7,4
LF:6
LH:6
BRF:0
BRH:0
end_of_record
TN:
SF:src/utils/replaceMask.js
FN:1,transformToMaskString
FNF:1
FNH:1
FNDA:8,transformToMaskString
DA:2,8
DA:3,8
LF:2
LH:2
BRF:0
BRH:0
end_of_record
TN:
SF:src/utils/yupSchemaCreator.js
FN:3,createYupSchema
FN:9,(anonymous_1)
FNF:2
FNH:2
FNDA:54,createYupSchema
FNDA:72,(anonymous_1)
DA:4,54
DA:5,54
DA:6,0
DA:8,54
DA:9,54
DA:10,72
DA:11,72
DA:12,0
DA:15,72
DA:17,54
DA:18,54
LF:11
LH:9
BRDA:4,0,0,0
BRDA:5,1,0,0
BRDA:5,1,1,54
BRDA:11,2,0,0
BRDA:11,2,1,72
BRF:5
BRH:2
end_of_record
TN:
SF:tests/fixtures/Components/EmailField/emailInput_fieldData.js
FNF:0
FNH:0
DA:1,1
LF:1
LH:1
BRF:0
BRH:0
end_of_record
TN:
SF:tests/fixtures/Components/LongTextField/longTextInput_fieldData.js
FNF:0
FNH:0
DA:1,1
LF:1
LH:1
BRF:0
BRH:0
end_of_record
TN:
SF:tests/fixtures/Components/NumericField/numericInput_fieldData.js
FNF:0
FNH:0
DA:1,1
LF:1
LH:1
BRF:0
BRH:0
end_of_record
TN:
SF:tests/fixtures/Components/PhoneField/phoneInput_fieldData.js
FNF:0
FNH:0
DA:1,1
LF:1
LH:1
BRF:0
BRH:0
end_of_record
TN:
SF:tests/fixtures/Components/TextField/textInput_fieldData.js
FNF:0
FNH:0
DA:1,1
LF:1
LH:1
BRF:0
BRH:0
end_of_record
